{"/home/sngvahmed/workspace/stockly/webapp/src/api/adminConfig.ts": {"path":"/home/sngvahmed/workspace/stockly/webapp/src/api/adminConfig.ts","statementMap":{"0":{"start":{"line":4,"column":2},"end":{"line":5,"column":null}},"1":{"start":{"line":8,"column":24},"end":{"line":10,"column":null}},"2":{"start":{"line":13,"column":14},"end":{"line":13,"column":null}},"3":{"start":{"line":14,"column":19},"end":{"line":17,"column":null}},"4":{"start":{"line":18,"column":2},"end":{"line":20,"column":null}},"5":{"start":{"line":19,"column":4},"end":{"line":19,"column":null}},"6":{"start":{"line":21,"column":2},"end":{"line":21,"column":null}},"7":{"start":{"line":49,"column":37},"end":{"line":56,"column":null}},"8":{"start":{"line":58,"column":45},"end":{"line":63,"column":null}},"9":{"start":{"line":66,"column":2},"end":{"line":66,"column":null}},"10":{"start":{"line":66,"column":23},"end":{"line":66,"column":null}},"11":{"start":{"line":67,"column":2},"end":{"line":72,"column":null}},"12":{"start":{"line":68,"column":4},"end":{"line":68,"column":null}},"13":{"start":{"line":70,"column":4},"end":{"line":70,"column":null}},"14":{"start":{"line":71,"column":4},"end":{"line":71,"column":null}},"15":{"start":{"line":76,"column":2},"end":{"line":78,"column":null}},"16":{"start":{"line":77,"column":4},"end":{"line":77,"column":null}},"17":{"start":{"line":79,"column":2},"end":{"line":82,"column":null}},"18":{"start":{"line":86,"column":2},"end":{"line":86,"column":null}},"19":{"start":{"line":86,"column":23},"end":{"line":86,"column":null}},"20":{"start":{"line":87,"column":2},"end":{"line":92,"column":null}},"21":{"start":{"line":88,"column":4},"end":{"line":88,"column":null}},"22":{"start":{"line":90,"column":4},"end":{"line":90,"column":null}},"23":{"start":{"line":91,"column":4},"end":{"line":91,"column":null}},"24":{"start":{"line":96,"column":2},"end":{"line":102,"column":null}},"25":{"start":{"line":97,"column":4},"end":{"line":101,"column":null}},"26":{"start":{"line":103,"column":19},"end":{"line":103,"column":null}},"27":{"start":{"line":104,"column":2},"end":{"line":106,"column":null}},"28":{"start":{"line":105,"column":4},"end":{"line":105,"column":null}},"29":{"start":{"line":107,"column":2},"end":{"line":107,"column":null}},"30":{"start":{"line":111,"column":2},"end":{"line":113,"column":null}},"31":{"start":{"line":112,"column":4},"end":{"line":112,"column":null}},"32":{"start":{"line":114,"column":2},"end":{"line":116,"column":null}},"33":{"start":{"line":120,"column":2},"end":{"line":122,"column":null}},"34":{"start":{"line":121,"column":4},"end":{"line":121,"column":null}},"35":{"start":{"line":123,"column":2},"end":{"line":125,"column":null}}},"fnMap":{"0":{"name":"adminRequest","decl":{"start":{"line":12,"column":15},"end":{"line":12,"column":31}},"loc":{"start":{"line":12,"column":77},"end":{"line":22,"column":null}},"line":12},"1":{"name":"getAdminConfig","decl":{"start":{"line":65,"column":22},"end":{"line":65,"column":61}},"loc":{"start":{"line":65,"column":61},"end":{"line":73,"column":null}},"line":65},"2":{"name":"updateAdminConfig","decl":{"start":{"line":75,"column":22},"end":{"line":75,"column":40}},"loc":{"start":{"line":75,"column":90},"end":{"line":83,"column":null}},"line":75},"3":{"name":"getMonitoringSnapshot","decl":{"start":{"line":85,"column":22},"end":{"line":85,"column":75}},"loc":{"start":{"line":85,"column":75},"end":{"line":93,"column":null}},"line":85},"4":{"name":"fetchOpenApiSpec","decl":{"start":{"line":95,"column":22},"end":{"line":95,"column":75}},"loc":{"start":{"line":95,"column":75},"end":{"line":108,"column":null}},"line":95},"5":{"name":"simulateProviderFailure","decl":{"start":{"line":110,"column":22},"end":{"line":110,"column":70}},"loc":{"start":{"line":110,"column":70},"end":{"line":117,"column":null}},"line":110},"6":{"name":"disableProviderFailure","decl":{"start":{"line":119,"column":22},"end":{"line":119,"column":69}},"loc":{"start":{"line":119,"column":69},"end":{"line":126,"column":null}},"line":119}},"branchMap":{"0":{"loc":{"start":{"line":4,"column":2},"end":{"line":5,"column":null}},"type":"binary-expr","locations":[{"start":{"line":4,"column":2},"end":{"line":4,"column":null}},{"start":{"line":5,"column":2},"end":{"line":5,"column":null}}],"line":4},"1":{"loc":{"start":{"line":18,"column":2},"end":{"line":20,"column":null}},"type":"if","locations":[{"start":{"line":18,"column":2},"end":{"line":20,"column":null}},{"start":{},"end":{}}],"line":18},"2":{"loc":{"start":{"line":66,"column":2},"end":{"line":66,"column":null}},"type":"if","locations":[{"start":{"line":66,"column":2},"end":{"line":66,"column":null}},{"start":{},"end":{}}],"line":66},"3":{"loc":{"start":{"line":76,"column":2},"end":{"line":78,"column":null}},"type":"if","locations":[{"start":{"line":76,"column":2},"end":{"line":78,"column":null}},{"start":{},"end":{}}],"line":76},"4":{"loc":{"start":{"line":86,"column":2},"end":{"line":86,"column":null}},"type":"if","locations":[{"start":{"line":86,"column":2},"end":{"line":86,"column":null}},{"start":{},"end":{}}],"line":86},"5":{"loc":{"start":{"line":96,"column":2},"end":{"line":102,"column":null}},"type":"if","locations":[{"start":{"line":96,"column":2},"end":{"line":102,"column":null}},{"start":{},"end":{}}],"line":96},"6":{"loc":{"start":{"line":104,"column":2},"end":{"line":106,"column":null}},"type":"if","locations":[{"start":{"line":104,"column":2},"end":{"line":106,"column":null}},{"start":{},"end":{}}],"line":104},"7":{"loc":{"start":{"line":111,"column":2},"end":{"line":113,"column":null}},"type":"if","locations":[{"start":{"line":111,"column":2},"end":{"line":113,"column":null}},{"start":{},"end":{}}],"line":111},"8":{"loc":{"start":{"line":120,"column":2},"end":{"line":122,"column":null}},"type":"if","locations":[{"start":{"line":120,"column":2},"end":{"line":122,"column":null}},{"start":{},"end":{}}],"line":120}},"s":{"0":1,"1":1,"2":7,"3":7,"4":6,"5":1,"6":5,"7":1,"8":1,"9":2,"10":0,"11":2,"12":2,"13":1,"14":1,"15":1,"16":0,"17":1,"18":2,"19":0,"20":2,"21":2,"22":1,"23":1,"24":2,"25":0,"26":2,"27":2,"28":1,"29":1,"30":1,"31":0,"32":1,"33":1,"34":0,"35":1},"f":{"0":7,"1":2,"2":1,"3":2,"4":2,"5":1,"6":1},"b":{"0":[1,1],"1":[1,5],"2":[0,2],"3":[0,1],"4":[0,2],"5":[0,2],"6":[1,1],"7":[0,1],"8":[0,1]},"meta":{"lastBranch":9,"lastFunction":7,"lastStatement":36,"seen":{"s:4:2:5:Infinity":0,"b:4:2:4:Infinity:5:2:5:Infinity":0,"s:8:24:10:Infinity":1,"f:12:15:12:31":0,"s:13:14:13:Infinity":2,"s:14:19:17:Infinity":3,"b:18:2:20:Infinity:undefined:undefined:undefined:undefined":1,"s:18:2:20:Infinity":4,"s:19:4:19:Infinity":5,"s:21:2:21:Infinity":6,"s:49:37:56:Infinity":7,"s:58:45:63:Infinity":8,"f:65:22:65:61":1,"b:66:2:66:Infinity:undefined:undefined:undefined:undefined":2,"s:66:2:66:Infinity":9,"s:66:23:66:Infinity":10,"s:67:2:72:Infinity":11,"s:68:4:68:Infinity":12,"s:70:4:70:Infinity":13,"s:71:4:71:Infinity":14,"f:75:22:75:40":2,"b:76:2:78:Infinity:undefined:undefined:undefined:undefined":3,"s:76:2:78:Infinity":15,"s:77:4:77:Infinity":16,"s:79:2:82:Infinity":17,"f:85:22:85:75":3,"b:86:2:86:Infinity:undefined:undefined:undefined:undefined":4,"s:86:2:86:Infinity":18,"s:86:23:86:Infinity":19,"s:87:2:92:Infinity":20,"s:88:4:88:Infinity":21,"s:90:4:90:Infinity":22,"s:91:4:91:Infinity":23,"f:95:22:95:75":4,"b:96:2:102:Infinity:undefined:undefined:undefined:undefined":5,"s:96:2:102:Infinity":24,"s:97:4:101:Infinity":25,"s:103:19:103:Infinity":26,"b:104:2:106:Infinity:undefined:undefined:undefined:undefined":6,"s:104:2:106:Infinity":27,"s:105:4:105:Infinity":28,"s:107:2:107:Infinity":29,"f:110:22:110:70":5,"b:111:2:113:Infinity:undefined:undefined:undefined:undefined":7,"s:111:2:113:Infinity":30,"s:112:4:112:Infinity":31,"s:114:2:116:Infinity":32,"f:119:22:119:69":6,"b:120:2:122:Infinity:undefined:undefined:undefined:undefined":8,"s:120:2:122:Infinity":33,"s:121:4:121:Infinity":34,"s:123:2:125:Infinity":35}}}
,"/home/sngvahmed/workspace/stockly/webapp/src/api/alerts.ts": {"path":"/home/sngvahmed/workspace/stockly/webapp/src/api/alerts.ts","statementMap":{"0":{"start":{"line":12,"column":2},"end":{"line":21,"column":null}},"1":{"start":{"line":14,"column":4},"end":{"line":19,"column":null}},"2":{"start":{"line":15,"column":25},"end":{"line":15,"column":null}},"3":{"start":{"line":16,"column":6},"end":{"line":16,"column":null}},"4":{"start":{"line":18,"column":6},"end":{"line":18,"column":null}},"5":{"start":{"line":20,"column":4},"end":{"line":20,"column":null}},"6":{"start":{"line":22,"column":2},"end":{"line":22,"column":null}},"7":{"start":{"line":26,"column":14},"end":{"line":26,"column":null}},"8":{"start":{"line":27,"column":14},"end":{"line":27,"column":null}},"9":{"start":{"line":28,"column":15},"end":{"line":28,"column":null}},"10":{"start":{"line":29,"column":2},"end":{"line":29,"column":null}},"11":{"start":{"line":33,"column":14},"end":{"line":33,"column":null}},"12":{"start":{"line":34,"column":14},"end":{"line":34,"column":null}},"13":{"start":{"line":35,"column":2},"end":{"line":35,"column":null}},"14":{"start":{"line":41,"column":14},"end":{"line":41,"column":null}},"15":{"start":{"line":42,"column":14},"end":{"line":47,"column":null}},"16":{"start":{"line":48,"column":2},"end":{"line":48,"column":null}},"17":{"start":{"line":55,"column":14},"end":{"line":55,"column":null}},"18":{"start":{"line":56,"column":14},"end":{"line":61,"column":null}},"19":{"start":{"line":62,"column":2},"end":{"line":62,"column":null}},"20":{"start":{"line":66,"column":14},"end":{"line":66,"column":null}},"21":{"start":{"line":67,"column":14},"end":{"line":70,"column":null}},"22":{"start":{"line":71,"column":2},"end":{"line":71,"column":null}}},"fnMap":{"0":{"name":"handleResponse","decl":{"start":{"line":11,"column":15},"end":{"line":11,"column":33}},"loc":{"start":{"line":11,"column":60},"end":{"line":23,"column":null}},"line":11},"1":{"name":"listAlerts","decl":{"start":{"line":25,"column":22},"end":{"line":25,"column":53}},"loc":{"start":{"line":25,"column":53},"end":{"line":30,"column":null}},"line":25},"2":{"name":"getAlert","decl":{"start":{"line":32,"column":22},"end":{"line":32,"column":31}},"loc":{"start":{"line":32,"column":59},"end":{"line":36,"column":null}},"line":32},"3":{"name":"createAlert","decl":{"start":{"line":38,"column":22},"end":{"line":38,"column":null}},"loc":{"start":{"line":40,"column":18},"end":{"line":49,"column":null}},"line":40},"4":{"name":"updateAlert","decl":{"start":{"line":51,"column":22},"end":{"line":51,"column":null}},"loc":{"start":{"line":54,"column":18},"end":{"line":63,"column":null}},"line":54},"5":{"name":"deleteAlert","decl":{"start":{"line":65,"column":22},"end":{"line":65,"column":34}},"loc":{"start":{"line":65,"column":77},"end":{"line":72,"column":null}},"line":65}},"branchMap":{"0":{"loc":{"start":{"line":12,"column":2},"end":{"line":21,"column":null}},"type":"if","locations":[{"start":{"line":12,"column":2},"end":{"line":21,"column":null}},{"start":{},"end":{}}],"line":12},"1":{"loc":{"start":{"line":16,"column":21},"end":{"line":16,"column":null}},"type":"binary-expr","locations":[{"start":{"line":16,"column":21},"end":{"line":16,"column":40}},{"start":{"line":16,"column":40},"end":{"line":16,"column":null}}],"line":16},"2":{"loc":{"start":{"line":20,"column":20},"end":{"line":20,"column":71}},"type":"binary-expr","locations":[{"start":{"line":20,"column":20},"end":{"line":20,"column":36}},{"start":{"line":20,"column":36},"end":{"line":20,"column":71}}],"line":20},"3":{"loc":{"start":{"line":29,"column":9},"end":{"line":29,"column":null}},"type":"binary-expr","locations":[{"start":{"line":29,"column":9},"end":{"line":29,"column":24}},{"start":{"line":29,"column":24},"end":{"line":29,"column":null}}],"line":29}},"s":{"0":12,"1":6,"2":6,"3":6,"4":0,"5":6,"6":6,"7":3,"8":3,"9":3,"10":2,"11":2,"12":2,"13":2,"14":2,"15":2,"16":2,"17":3,"18":3,"19":3,"20":2,"21":2,"22":2},"f":{"0":12,"1":3,"2":2,"3":2,"4":3,"5":2},"b":{"0":[6,6],"1":[6,0],"2":[6,0],"3":[2,0]},"meta":{"lastBranch":4,"lastFunction":6,"lastStatement":23,"seen":{"f:11:15:11:33":0,"b:12:2:21:Infinity:undefined:undefined:undefined:undefined":0,"s:12:2:21:Infinity":0,"s:14:4:19:Infinity":1,"s:15:25:15:Infinity":2,"s:16:6:16:Infinity":3,"b:16:21:16:40:16:40:16:Infinity":1,"s:18:6:18:Infinity":4,"s:20:4:20:Infinity":5,"b:20:20:20:36:20:36:20:71":2,"s:22:2:22:Infinity":6,"f:25:22:25:53":1,"s:26:14:26:Infinity":7,"s:27:14:27:Infinity":8,"s:28:15:28:Infinity":9,"s:29:2:29:Infinity":10,"b:29:9:29:24:29:24:29:Infinity":3,"f:32:22:32:31":2,"s:33:14:33:Infinity":11,"s:34:14:34:Infinity":12,"s:35:2:35:Infinity":13,"f:38:22:38:Infinity":3,"s:41:14:41:Infinity":14,"s:42:14:47:Infinity":15,"s:48:2:48:Infinity":16,"f:51:22:51:Infinity":4,"s:55:14:55:Infinity":17,"s:56:14:61:Infinity":18,"s:62:2:62:Infinity":19,"f:65:22:65:34":5,"s:66:14:66:Infinity":20,"s:67:14:70:Infinity":21,"s:71:2:71:Infinity":22}}}
,"/home/sngvahmed/workspace/stockly/webapp/src/api/axios-client.ts": {"path":"/home/sngvahmed/workspace/stockly/webapp/src/api/axios-client.ts","statementMap":{"0":{"start":{"line":14,"column":2},"end":{"line":20,"column":null}},"1":{"start":{"line":23,"column":27},"end":{"line":23,"column":null}},"2":{"start":{"line":25,"column":19},"end":{"line":25,"column":null}},"3":{"start":{"line":29,"column":5},"end":{"line":29,"column":null}},"4":{"start":{"line":31,"column":21},"end":{"line":40,"column":null}},"5":{"start":{"line":32,"column":2},"end":{"line":38,"column":null}},"6":{"start":{"line":33,"column":4},"end":{"line":37,"column":null}},"7":{"start":{"line":34,"column":6},"end":{"line":34,"column":null}},"8":{"start":{"line":36,"column":6},"end":{"line":36,"column":null}},"9":{"start":{"line":39,"column":2},"end":{"line":39,"column":null}},"10":{"start":{"line":43,"column":0},"end":{"line":51,"column":null}},"11":{"start":{"line":46,"column":4},"end":{"line":46,"column":null}},"12":{"start":{"line":49,"column":4},"end":{"line":49,"column":null}},"13":{"start":{"line":54,"column":0},"end":{"line":107,"column":null}},"14":{"start":{"line":56,"column":4},"end":{"line":56,"column":null}},"15":{"start":{"line":59,"column":28},"end":{"line":59,"column":null}},"16":{"start":{"line":62,"column":4},"end":{"line":103,"column":null}},"17":{"start":{"line":63,"column":6},"end":{"line":74,"column":null}},"18":{"start":{"line":65,"column":8},"end":{"line":73,"column":null}},"19":{"start":{"line":66,"column":10},"end":{"line":66,"column":null}},"20":{"start":{"line":69,"column":12},"end":{"line":69,"column":null}},"21":{"start":{"line":72,"column":12},"end":{"line":72,"column":null}},"22":{"start":{"line":76,"column":6},"end":{"line":76,"column":null}},"23":{"start":{"line":77,"column":6},"end":{"line":77,"column":null}},"24":{"start":{"line":79,"column":6},"end":{"line":102,"column":null}},"25":{"start":{"line":81,"column":32},"end":{"line":84,"column":null}},"26":{"start":{"line":86,"column":8},"end":{"line":95,"column":null}},"27":{"start":{"line":88,"column":10},"end":{"line":88,"column":null}},"28":{"start":{"line":89,"column":10},"end":{"line":89,"column":null}},"29":{"start":{"line":92,"column":10},"end":{"line":92,"column":null}},"30":{"start":{"line":93,"column":10},"end":{"line":93,"column":null}},"31":{"start":{"line":94,"column":10},"end":{"line":94,"column":null}},"32":{"start":{"line":97,"column":8},"end":{"line":97,"column":null}},"33":{"start":{"line":98,"column":8},"end":{"line":98,"column":null}},"34":{"start":{"line":99,"column":8},"end":{"line":99,"column":null}},"35":{"start":{"line":101,"column":8},"end":{"line":101,"column":null}},"36":{"start":{"line":105,"column":4},"end":{"line":105,"column":null}}},"fnMap":{"0":{"name":"createAxiosClient","decl":{"start":{"line":13,"column":9},"end":{"line":13,"column":29}},"loc":{"start":{"line":13,"column":29},"end":{"line":21,"column":null}},"line":13},"1":{"name":"(anonymous_1)","decl":{"start":{"line":31,"column":21},"end":{"line":31,"column":22}},"loc":{"start":{"line":31,"column":80},"end":{"line":40,"column":null}},"line":31},"2":{"name":"(anonymous_2)","decl":{"start":{"line":32,"column":22},"end":{"line":32,"column":23}},"loc":{"start":{"line":32,"column":32},"end":{"line":38,"column":3}},"line":32},"3":{"name":"(anonymous_3)","decl":{"start":{"line":44,"column":2},"end":{"line":44,"column":3}},"loc":{"start":{"line":44,"column":14},"end":{"line":47,"column":null}},"line":44},"4":{"name":"(anonymous_4)","decl":{"start":{"line":48,"column":2},"end":{"line":48,"column":3}},"loc":{"start":{"line":48,"column":13},"end":{"line":50,"column":null}},"line":48},"5":{"name":"(anonymous_5)","decl":{"start":{"line":55,"column":2},"end":{"line":55,"column":3}},"loc":{"start":{"line":55,"column":16},"end":{"line":57,"column":null}},"line":55},"6":{"name":"(anonymous_6)","decl":{"start":{"line":58,"column":2},"end":{"line":58,"column":9}},"loc":{"start":{"line":58,"column":31},"end":{"line":106,"column":null}},"line":58},"7":{"name":"(anonymous_7)","decl":{"start":{"line":65,"column":27},"end":{"line":65,"column":28}},"loc":{"start":{"line":65,"column":48},"end":{"line":67,"column":9}},"line":65},"8":{"name":"(anonymous_8)","decl":{"start":{"line":68,"column":16},"end":{"line":68,"column":22}},"loc":{"start":{"line":68,"column":22},"end":{"line":70,"column":11}},"line":68},"9":{"name":"(anonymous_9)","decl":{"start":{"line":71,"column":17},"end":{"line":71,"column":18}},"loc":{"start":{"line":71,"column":26},"end":{"line":73,"column":11}},"line":71}},"branchMap":{"0":{"loc":{"start":{"line":31,"column":48},"end":{"line":31,"column":80}},"type":"default-arg","locations":[{"start":{"line":31,"column":71},"end":{"line":31,"column":80}}],"line":31},"1":{"loc":{"start":{"line":33,"column":4},"end":{"line":37,"column":null}},"type":"if","locations":[{"start":{"line":33,"column":4},"end":{"line":37,"column":null}},{"start":{"line":35,"column":11},"end":{"line":37,"column":null}}],"line":33},"2":{"loc":{"start":{"line":62,"column":4},"end":{"line":103,"column":null}},"type":"if","locations":[{"start":{"line":62,"column":4},"end":{"line":103,"column":null}},{"start":{},"end":{}}],"line":62},"3":{"loc":{"start":{"line":62,"column":8},"end":{"line":62,"column":67}},"type":"binary-expr","locations":[{"start":{"line":62,"column":8},"end":{"line":62,"column":42}},{"start":{"line":62,"column":42},"end":{"line":62,"column":67}}],"line":62},"4":{"loc":{"start":{"line":63,"column":6},"end":{"line":74,"column":null}},"type":"if","locations":[{"start":{"line":63,"column":6},"end":{"line":74,"column":null}},{"start":{},"end":{}}],"line":63},"5":{"loc":{"start":{"line":86,"column":8},"end":{"line":95,"column":null}},"type":"if","locations":[{"start":{"line":86,"column":8},"end":{"line":95,"column":null}},{"start":{"line":90,"column":15},"end":{"line":95,"column":null}}],"line":86}},"s":{"0":1,"1":1,"2":1,"3":1,"4":1,"5":4,"6":1,"7":0,"8":1,"9":4,"10":1,"11":0,"12":0,"13":1,"14":0,"15":5,"16":5,"17":5,"18":1,"19":1,"20":1,"21":0,"22":4,"23":4,"24":4,"25":4,"26":3,"27":2,"28":2,"29":1,"30":1,"31":1,"32":1,"33":1,"34":1,"35":4,"36":0},"f":{"0":1,"1":4,"2":1,"3":0,"4":0,"5":0,"6":5,"7":1,"8":1,"9":0},"b":{"0":[4],"1":[0,1],"2":[5,0],"3":[5,5],"4":[1,4],"5":[2,1]},"meta":{"lastBranch":6,"lastFunction":10,"lastStatement":37,"seen":{"f:13:9:13:29":0,"s:14:2:20:Infinity":0,"s:23:27:23:Infinity":1,"s:25:19:25:Infinity":2,"s:29:5:29:Infinity":3,"s:31:21:40:Infinity":4,"f:31:21:31:22":1,"b:31:71:31:80":0,"s:32:2:38:Infinity":5,"f:32:22:32:23":2,"b:33:4:37:Infinity:35:11:37:Infinity":1,"s:33:4:37:Infinity":6,"s:34:6:34:Infinity":7,"s:36:6:36:Infinity":8,"s:39:2:39:Infinity":9,"s:43:0:51:Infinity":10,"f:44:2:44:3":3,"s:46:4:46:Infinity":11,"f:48:2:48:3":4,"s:49:4:49:Infinity":12,"s:54:0:107:Infinity":13,"f:55:2:55:3":5,"s:56:4:56:Infinity":14,"f:58:2:58:9":6,"s:59:28:59:Infinity":15,"b:62:4:103:Infinity:undefined:undefined:undefined:undefined":2,"s:62:4:103:Infinity":16,"b:62:8:62:42:62:42:62:67":3,"b:63:6:74:Infinity:undefined:undefined:undefined:undefined":4,"s:63:6:74:Infinity":17,"s:65:8:73:Infinity":18,"f:65:27:65:28":7,"s:66:10:66:Infinity":19,"f:68:16:68:22":8,"s:69:12:69:Infinity":20,"f:71:17:71:18":9,"s:72:12:72:Infinity":21,"s:76:6:76:Infinity":22,"s:77:6:77:Infinity":23,"s:79:6:102:Infinity":24,"s:81:32:84:Infinity":25,"b:86:8:95:Infinity:90:15:95:Infinity":5,"s:86:8:95:Infinity":26,"s:88:10:88:Infinity":27,"s:89:10:89:Infinity":28,"s:92:10:92:Infinity":29,"s:93:10:93:Infinity":30,"s:94:10:94:Infinity":31,"s:97:8:97:Infinity":32,"s:98:8:98:Infinity":33,"s:99:8:99:Infinity":34,"s:101:8:101:Infinity":35,"s:105:4:105:Infinity":36}}}
,"/home/sngvahmed/workspace/stockly/webapp/src/api/client.ts": {"path":"/home/sngvahmed/workspace/stockly/webapp/src/api/client.ts","statementMap":{"0":{"start":{"line":5,"column":2},"end":{"line":8,"column":null}},"1":{"start":{"line":11,"column":2},"end":{"line":14,"column":null}},"2":{"start":{"line":12,"column":20},"end":{"line":12,"column":null}},"3":{"start":{"line":13,"column":4},"end":{"line":13,"column":null}},"4":{"start":{"line":15,"column":2},"end":{"line":15,"column":null}},"5":{"start":{"line":20,"column":2},"end":{"line":23,"column":null}},"6":{"start":{"line":27,"column":2},"end":{"line":27,"column":null}},"7":{"start":{"line":27,"column":34},"end":{"line":27,"column":null}},"8":{"start":{"line":28,"column":14},"end":{"line":30,"column":null}},"9":{"start":{"line":31,"column":14},"end":{"line":31,"column":null}},"10":{"start":{"line":32,"column":15},"end":{"line":32,"column":null}},"11":{"start":{"line":33,"column":2},"end":{"line":33,"column":null}},"12":{"start":{"line":37,"column":2},"end":{"line":37,"column":null}},"13":{"start":{"line":37,"column":23},"end":{"line":37,"column":null}},"14":{"start":{"line":38,"column":17},"end":{"line":38,"column":null}},"15":{"start":{"line":39,"column":14},"end":{"line":41,"column":null}},"16":{"start":{"line":42,"column":14},"end":{"line":42,"column":null}},"17":{"start":{"line":43,"column":2},"end":{"line":43,"column":null}}},"fnMap":{"0":{"name":"handleResponse","decl":{"start":{"line":10,"column":15},"end":{"line":10,"column":33}},"loc":{"start":{"line":10,"column":60},"end":{"line":16,"column":null}},"line":10},"1":{"name":"fetchOptions","decl":{"start":{"line":19,"column":9},"end":{"line":19,"column":22}},"loc":{"start":{"line":19,"column":55},"end":{"line":24,"column":null}},"line":19},"2":{"name":"searchSymbols","decl":{"start":{"line":26,"column":22},"end":{"line":26,"column":36}},"loc":{"start":{"line":26,"column":76},"end":{"line":34,"column":null}},"line":26},"3":{"name":"fetchStocks","decl":{"start":{"line":36,"column":22},"end":{"line":36,"column":34}},"loc":{"start":{"line":36,"column":76},"end":{"line":44,"column":null}},"line":36}},"branchMap":{"0":{"loc":{"start":{"line":5,"column":2},"end":{"line":8,"column":null}},"type":"binary-expr","locations":[{"start":{"line":5,"column":2},"end":{"line":5,"column":null}},{"start":{"line":6,"column":3},"end":{"line":8,"column":null}}],"line":5},"1":{"loc":{"start":{"line":6,"column":3},"end":{"line":8,"column":null}},"type":"cond-expr","locations":[{"start":{"line":7,"column":6},"end":{"line":7,"column":null}},{"start":{"line":8,"column":6},"end":{"line":8,"column":null}}],"line":6},"2":{"loc":{"start":{"line":11,"column":2},"end":{"line":14,"column":null}},"type":"if","locations":[{"start":{"line":11,"column":2},"end":{"line":14,"column":null}},{"start":{},"end":{}}],"line":11},"3":{"loc":{"start":{"line":13,"column":20},"end":{"line":13,"column":66}},"type":"binary-expr","locations":[{"start":{"line":13,"column":20},"end":{"line":13,"column":31}},{"start":{"line":13,"column":31},"end":{"line":13,"column":66}}],"line":13},"4":{"loc":{"start":{"line":27,"column":2},"end":{"line":27,"column":null}},"type":"if","locations":[{"start":{"line":27,"column":2},"end":{"line":27,"column":null}},{"start":{},"end":{}}],"line":27},"5":{"loc":{"start":{"line":27,"column":6},"end":{"line":27,"column":34}},"type":"binary-expr","locations":[{"start":{"line":27,"column":6},"end":{"line":27,"column":16}},{"start":{"line":27,"column":16},"end":{"line":27,"column":34}}],"line":27},"6":{"loc":{"start":{"line":33,"column":9},"end":{"line":33,"column":null}},"type":"binary-expr","locations":[{"start":{"line":33,"column":9},"end":{"line":33,"column":17}},{"start":{"line":33,"column":17},"end":{"line":33,"column":null}}],"line":33},"7":{"loc":{"start":{"line":37,"column":2},"end":{"line":37,"column":null}},"type":"if","locations":[{"start":{"line":37,"column":2},"end":{"line":37,"column":null}},{"start":{},"end":{}}],"line":37}},"s":{"0":8,"1":5,"2":0,"3":0,"4":5,"5":5,"6":5,"7":1,"8":4,"9":4,"10":4,"11":4,"12":2,"13":1,"14":1,"15":1,"16":1,"17":1},"f":{"0":5,"1":5,"2":5,"3":2},"b":{"0":[8,0],"1":[0,0],"2":[0,5],"3":[0,0],"4":[1,4],"5":[5,5],"6":[4,0],"7":[1,1]},"meta":{"lastBranch":8,"lastFunction":4,"lastStatement":18,"seen":{"s:5:2:8:Infinity":0,"b:5:2:5:Infinity:6:3:8:Infinity":0,"b:7:6:7:Infinity:8:6:8:Infinity":1,"f:10:15:10:33":0,"b:11:2:14:Infinity:undefined:undefined:undefined:undefined":2,"s:11:2:14:Infinity":1,"s:12:20:12:Infinity":2,"s:13:4:13:Infinity":3,"b:13:20:13:31:13:31:13:66":3,"s:15:2:15:Infinity":4,"f:19:9:19:22":1,"s:20:2:23:Infinity":5,"f:26:22:26:36":2,"b:27:2:27:Infinity:undefined:undefined:undefined:undefined":4,"s:27:2:27:Infinity":6,"b:27:6:27:16:27:16:27:34":5,"s:27:34:27:Infinity":7,"s:28:14:30:Infinity":8,"s:31:14:31:Infinity":9,"s:32:15:32:Infinity":10,"s:33:2:33:Infinity":11,"b:33:9:33:17:33:17:33:Infinity":6,"f:36:22:36:34":3,"b:37:2:37:Infinity:undefined:undefined:undefined:undefined":7,"s:37:2:37:Infinity":12,"s:37:23:37:Infinity":13,"s:38:17:38:Infinity":14,"s:39:14:41:Infinity":15,"s:42:14:42:Infinity":16,"s:43:2:43:Infinity":17}}}
,"/home/sngvahmed/workspace/stockly/webapp/src/api/favoriteStocks.ts": {"path":"/home/sngvahmed/workspace/stockly/webapp/src/api/favoriteStocks.ts","statementMap":{"0":{"start":{"line":28,"column":19},"end":{"line":34,"column":null}},"1":{"start":{"line":36,"column":2},"end":{"line":43,"column":null}},"2":{"start":{"line":37,"column":4},"end":{"line":40,"column":null}},"3":{"start":{"line":39,"column":6},"end":{"line":39,"column":null}},"4":{"start":{"line":41,"column":22},"end":{"line":41,"column":null}},"5":{"start":{"line":42,"column":4},"end":{"line":42,"column":null}},"6":{"start":{"line":45,"column":39},"end":{"line":45,"column":null}},"7":{"start":{"line":46,"column":2},"end":{"line":46,"column":null}},"8":{"start":{"line":55,"column":19},"end":{"line":62,"column":null}},"9":{"start":{"line":64,"column":2},"end":{"line":67,"column":null}},"10":{"start":{"line":65,"column":22},"end":{"line":65,"column":null}},"11":{"start":{"line":66,"column":4},"end":{"line":66,"column":null}},"12":{"start":{"line":69,"column":2},"end":{"line":69,"column":null}},"13":{"start":{"line":76,"column":19},"end":{"line":82,"column":null}},"14":{"start":{"line":84,"column":2},"end":{"line":87,"column":null}},"15":{"start":{"line":85,"column":22},"end":{"line":85,"column":null}},"16":{"start":{"line":86,"column":4},"end":{"line":86,"column":null}}},"fnMap":{"0":{"name":"getFavoriteStocks","decl":{"start":{"line":27,"column":22},"end":{"line":27,"column":68}},"loc":{"start":{"line":27,"column":68},"end":{"line":47,"column":null}},"line":27},"1":{"name":"updateFavoriteStocks","decl":{"start":{"line":52,"column":22},"end":{"line":52,"column":null}},"loc":{"start":{"line":54,"column":41},"end":{"line":70,"column":null}},"line":54},"2":{"name":"deleteFavoriteStock","decl":{"start":{"line":75,"column":22},"end":{"line":75,"column":42}},"loc":{"start":{"line":75,"column":73},"end":{"line":88,"column":null}},"line":75}},"branchMap":{"0":{"loc":{"start":{"line":36,"column":2},"end":{"line":43,"column":null}},"type":"if","locations":[{"start":{"line":36,"column":2},"end":{"line":43,"column":null}},{"start":{},"end":{}}],"line":36},"1":{"loc":{"start":{"line":37,"column":4},"end":{"line":40,"column":null}},"type":"if","locations":[{"start":{"line":37,"column":4},"end":{"line":40,"column":null}},{"start":{},"end":{}}],"line":37},"2":{"loc":{"start":{"line":46,"column":9},"end":{"line":46,"column":null}},"type":"binary-expr","locations":[{"start":{"line":46,"column":9},"end":{"line":46,"column":24}},{"start":{"line":46,"column":24},"end":{"line":46,"column":null}}],"line":46},"3":{"loc":{"start":{"line":64,"column":2},"end":{"line":67,"column":null}},"type":"if","locations":[{"start":{"line":64,"column":2},"end":{"line":67,"column":null}},{"start":{},"end":{}}],"line":64},"4":{"loc":{"start":{"line":84,"column":2},"end":{"line":87,"column":null}},"type":"if","locations":[{"start":{"line":84,"column":2},"end":{"line":87,"column":null}},{"start":{},"end":{}}],"line":84}},"s":{"0":3,"1":3,"2":2,"3":1,"4":1,"5":1,"6":1,"7":1,"8":2,"9":2,"10":1,"11":1,"12":1,"13":2,"14":2,"15":1,"16":1},"f":{"0":3,"1":2,"2":2},"b":{"0":[2,1],"1":[1,1],"2":[1,0],"3":[1,1],"4":[1,1]},"meta":{"lastBranch":5,"lastFunction":3,"lastStatement":17,"seen":{"f:27:22:27:68":0,"s:28:19:34:Infinity":0,"b:36:2:43:Infinity:undefined:undefined:undefined:undefined":0,"s:36:2:43:Infinity":1,"b:37:4:40:Infinity:undefined:undefined:undefined:undefined":1,"s:37:4:40:Infinity":2,"s:39:6:39:Infinity":3,"s:41:22:41:Infinity":4,"s:42:4:42:Infinity":5,"s:45:39:45:Infinity":6,"s:46:2:46:Infinity":7,"b:46:9:46:24:46:24:46:Infinity":2,"f:52:22:52:Infinity":1,"s:55:19:62:Infinity":8,"b:64:2:67:Infinity:undefined:undefined:undefined:undefined":3,"s:64:2:67:Infinity":9,"s:65:22:65:Infinity":10,"s:66:4:66:Infinity":11,"s:69:2:69:Infinity":12,"f:75:22:75:42":2,"s:76:19:82:Infinity":13,"b:84:2:87:Infinity:undefined:undefined:undefined:undefined":4,"s:84:2:87:Infinity":14,"s:85:22:85:Infinity":15,"s:86:4:86:Infinity":16}}}
,"/home/sngvahmed/workspace/stockly/webapp/src/api/news.ts": {"path":"/home/sngvahmed/workspace/stockly/webapp/src/api/news.ts","statementMap":{"0":{"start":{"line":12,"column":2},"end":{"line":14,"column":null}},"1":{"start":{"line":13,"column":4},"end":{"line":13,"column":null}},"2":{"start":{"line":15,"column":2},"end":{"line":17,"column":null}},"3":{"start":{"line":16,"column":4},"end":{"line":16,"column":null}},"4":{"start":{"line":18,"column":2},"end":{"line":20,"column":null}},"5":{"start":{"line":19,"column":4},"end":{"line":19,"column":null}},"6":{"start":{"line":21,"column":2},"end":{"line":25,"column":null}},"7":{"start":{"line":23,"column":18},"end":{"line":23,"column":null}},"8":{"start":{"line":24,"column":4},"end":{"line":24,"column":null}},"9":{"start":{"line":35,"column":14},"end":{"line":35,"column":null}},"10":{"start":{"line":36,"column":2},"end":{"line":36,"column":null}},"11":{"start":{"line":37,"column":2},"end":{"line":37,"column":null}},"12":{"start":{"line":39,"column":19},"end":{"line":42,"column":null}},"13":{"start":{"line":44,"column":2},"end":{"line":54,"column":null}},"14":{"start":{"line":45,"column":22},"end":{"line":45,"column":null}},"15":{"start":{"line":46,"column":23},"end":{"line":46,"column":null}},"16":{"start":{"line":47,"column":4},"end":{"line":52,"column":null}},"17":{"start":{"line":48,"column":24},"end":{"line":48,"column":null}},"18":{"start":{"line":49,"column":6},"end":{"line":49,"column":null}},"19":{"start":{"line":51,"column":6},"end":{"line":51,"column":null}},"20":{"start":{"line":53,"column":4},"end":{"line":53,"column":null}},"21":{"start":{"line":56,"column":15},"end":{"line":56,"column":null}},"22":{"start":{"line":57,"column":2},"end":{"line":57,"column":null}},"23":{"start":{"line":67,"column":2},"end":{"line":79,"column":null}},"24":{"start":{"line":68,"column":4},"end":{"line":78,"column":null}},"25":{"start":{"line":81,"column":2},"end":{"line":83,"column":null}},"26":{"start":{"line":82,"column":4},"end":{"line":82,"column":null}},"27":{"start":{"line":85,"column":14},"end":{"line":85,"column":null}},"28":{"start":{"line":86,"column":23},"end":{"line":86,"column":null}},"29":{"start":{"line":86,"column":42},"end":{"line":86,"column":57}},"30":{"start":{"line":87,"column":2},"end":{"line":87,"column":null}},"31":{"start":{"line":88,"column":2},"end":{"line":88,"column":null}},"32":{"start":{"line":90,"column":19},"end":{"line":93,"column":null}},"33":{"start":{"line":95,"column":2},"end":{"line":105,"column":null}},"34":{"start":{"line":96,"column":22},"end":{"line":96,"column":null}},"35":{"start":{"line":97,"column":23},"end":{"line":97,"column":null}},"36":{"start":{"line":98,"column":4},"end":{"line":103,"column":null}},"37":{"start":{"line":99,"column":24},"end":{"line":99,"column":null}},"38":{"start":{"line":100,"column":6},"end":{"line":100,"column":null}},"39":{"start":{"line":102,"column":6},"end":{"line":102,"column":null}},"40":{"start":{"line":104,"column":4},"end":{"line":104,"column":null}},"41":{"start":{"line":107,"column":15},"end":{"line":107,"column":null}},"42":{"start":{"line":108,"column":2},"end":{"line":108,"column":null}}},"fnMap":{"0":{"name":"buildNewsUrl","decl":{"start":{"line":8,"column":9},"end":{"line":8,"column":null}},"loc":{"start":{"line":11,"column":8},"end":{"line":26,"column":null}},"line":11},"1":{"name":"fetchStockNews","decl":{"start":{"line":31,"column":22},"end":{"line":31,"column":null}},"loc":{"start":{"line":34,"column":25},"end":{"line":58,"column":null}},"line":34},"2":{"name":"fetchMultipleStockNews","decl":{"start":{"line":63,"column":22},"end":{"line":63,"column":null}},"loc":{"start":{"line":66,"column":25},"end":{"line":109,"column":null}},"line":66},"3":{"name":"(anonymous_3)","decl":{"start":{"line":86,"column":35},"end":{"line":86,"column":36}},"loc":{"start":{"line":86,"column":42},"end":{"line":86,"column":57}},"line":86}},"branchMap":{"0":{"loc":{"start":{"line":12,"column":2},"end":{"line":14,"column":null}},"type":"if","locations":[{"start":{"line":12,"column":2},"end":{"line":14,"column":null}},{"start":{},"end":{}}],"line":12},"1":{"loc":{"start":{"line":15,"column":2},"end":{"line":17,"column":null}},"type":"if","locations":[{"start":{"line":15,"column":2},"end":{"line":17,"column":null}},{"start":{},"end":{}}],"line":15},"2":{"loc":{"start":{"line":18,"column":2},"end":{"line":20,"column":null}},"type":"if","locations":[{"start":{"line":18,"column":2},"end":{"line":20,"column":null}},{"start":{},"end":{}}],"line":18},"3":{"loc":{"start":{"line":21,"column":2},"end":{"line":25,"column":null}},"type":"if","locations":[{"start":{"line":21,"column":2},"end":{"line":25,"column":null}},{"start":{},"end":{}}],"line":21},"4":{"loc":{"start":{"line":44,"column":2},"end":{"line":54,"column":null}},"type":"if","locations":[{"start":{"line":44,"column":2},"end":{"line":54,"column":null}},{"start":{},"end":{}}],"line":44},"5":{"loc":{"start":{"line":49,"column":21},"end":{"line":49,"column":null}},"type":"binary-expr","locations":[{"start":{"line":49,"column":21},"end":{"line":49,"column":40}},{"start":{"line":49,"column":40},"end":{"line":49,"column":null}}],"line":49},"6":{"loc":{"start":{"line":51,"column":21},"end":{"line":51,"column":null}},"type":"binary-expr","locations":[{"start":{"line":51,"column":21},"end":{"line":51,"column":34}},{"start":{"line":51,"column":34},"end":{"line":51,"column":null}}],"line":51},"7":{"loc":{"start":{"line":67,"column":2},"end":{"line":79,"column":null}},"type":"if","locations":[{"start":{"line":67,"column":2},"end":{"line":79,"column":null}},{"start":{},"end":{}}],"line":67},"8":{"loc":{"start":{"line":81,"column":2},"end":{"line":83,"column":null}},"type":"if","locations":[{"start":{"line":81,"column":2},"end":{"line":83,"column":null}},{"start":{},"end":{}}],"line":81},"9":{"loc":{"start":{"line":95,"column":2},"end":{"line":105,"column":null}},"type":"if","locations":[{"start":{"line":95,"column":2},"end":{"line":105,"column":null}},{"start":{},"end":{}}],"line":95},"10":{"loc":{"start":{"line":100,"column":21},"end":{"line":100,"column":null}},"type":"binary-expr","locations":[{"start":{"line":100,"column":21},"end":{"line":100,"column":40}},{"start":{"line":100,"column":40},"end":{"line":100,"column":null}}],"line":100},"11":{"loc":{"start":{"line":102,"column":21},"end":{"line":102,"column":null}},"type":"binary-expr","locations":[{"start":{"line":102,"column":21},"end":{"line":102,"column":34}},{"start":{"line":102,"column":34},"end":{"line":102,"column":null}}],"line":102}},"s":{"0":7,"1":1,"2":7,"3":1,"4":7,"5":1,"6":7,"7":1,"8":1,"9":4,"10":4,"11":4,"12":4,"13":4,"14":3,"15":3,"16":3,"17":3,"18":3,"19":2,"20":3,"21":1,"22":1,"23":5,"24":1,"25":4,"26":1,"27":3,"28":3,"29":4,"30":3,"31":3,"32":3,"33":3,"34":2,"35":2,"36":2,"37":2,"38":2,"39":1,"40":2,"41":1,"42":1},"f":{"0":7,"1":4,"2":5,"3":4},"b":{"0":[1,6],"1":[1,6],"2":[1,6],"3":[1,6],"4":[3,1],"5":[3,0],"6":[2,1],"7":[1,4],"8":[1,3],"9":[2,1],"10":[2,0],"11":[1,0]},"meta":{"lastBranch":12,"lastFunction":4,"lastStatement":43,"seen":{"f:8:9:8:Infinity":0,"b:12:2:14:Infinity:undefined:undefined:undefined:undefined":0,"s:12:2:14:Infinity":0,"s:13:4:13:Infinity":1,"b:15:2:17:Infinity:undefined:undefined:undefined:undefined":1,"s:15:2:17:Infinity":2,"s:16:4:16:Infinity":3,"b:18:2:20:Infinity:undefined:undefined:undefined:undefined":2,"s:18:2:20:Infinity":4,"s:19:4:19:Infinity":5,"b:21:2:25:Infinity:undefined:undefined:undefined:undefined":3,"s:21:2:25:Infinity":6,"s:23:18:23:Infinity":7,"s:24:4:24:Infinity":8,"f:31:22:31:Infinity":1,"s:35:14:35:Infinity":9,"s:36:2:36:Infinity":10,"s:37:2:37:Infinity":11,"s:39:19:42:Infinity":12,"b:44:2:54:Infinity:undefined:undefined:undefined:undefined":4,"s:44:2:54:Infinity":13,"s:45:22:45:Infinity":14,"s:46:23:46:Infinity":15,"s:47:4:52:Infinity":16,"s:48:24:48:Infinity":17,"s:49:6:49:Infinity":18,"b:49:21:49:40:49:40:49:Infinity":5,"s:51:6:51:Infinity":19,"b:51:21:51:34:51:34:51:Infinity":6,"s:53:4:53:Infinity":20,"s:56:15:56:Infinity":21,"s:57:2:57:Infinity":22,"f:63:22:63:Infinity":2,"b:67:2:79:Infinity:undefined:undefined:undefined:undefined":7,"s:67:2:79:Infinity":23,"s:68:4:78:Infinity":24,"b:81:2:83:Infinity:undefined:undefined:undefined:undefined":8,"s:81:2:83:Infinity":25,"s:82:4:82:Infinity":26,"s:85:14:85:Infinity":27,"s:86:23:86:Infinity":28,"f:86:35:86:36":3,"s:86:42:86:57":29,"s:87:2:87:Infinity":30,"s:88:2:88:Infinity":31,"s:90:19:93:Infinity":32,"b:95:2:105:Infinity:undefined:undefined:undefined:undefined":9,"s:95:2:105:Infinity":33,"s:96:22:96:Infinity":34,"s:97:23:97:Infinity":35,"s:98:4:103:Infinity":36,"s:99:24:99:Infinity":37,"s:100:6:100:Infinity":38,"b:100:21:100:40:100:40:100:Infinity":10,"s:102:6:102:Infinity":39,"b:102:21:102:34:102:34:102:Infinity":11,"s:104:4:104:Infinity":40,"s:107:15:107:Infinity":41,"s:108:2:108:Infinity":42}}}
,"/home/sngvahmed/workspace/stockly/webapp/src/api/stockDetails.ts": {"path":"/home/sngvahmed/workspace/stockly/webapp/src/api/stockDetails.ts","statementMap":{"0":{"start":{"line":6,"column":14},"end":{"line":6,"column":null}},"1":{"start":{"line":7,"column":2},"end":{"line":7,"column":null}},"2":{"start":{"line":10,"column":21},"end":{"line":10,"column":null}},"3":{"start":{"line":11,"column":20},"end":{"line":11,"column":null}},"4":{"start":{"line":11,"column":37},"end":{"line":11,"column":57}},"5":{"start":{"line":13,"column":2},"end":{"line":47,"column":null}},"6":{"start":{"line":14,"column":21},"end":{"line":18,"column":null}},"7":{"start":{"line":20,"column":4},"end":{"line":20,"column":null}},"8":{"start":{"line":22,"column":4},"end":{"line":32,"column":null}},"9":{"start":{"line":23,"column":24},"end":{"line":23,"column":null}},"10":{"start":{"line":24,"column":25},"end":{"line":24,"column":null}},"11":{"start":{"line":25,"column":6},"end":{"line":30,"column":null}},"12":{"start":{"line":26,"column":26},"end":{"line":26,"column":null}},"13":{"start":{"line":27,"column":8},"end":{"line":27,"column":null}},"14":{"start":{"line":29,"column":8},"end":{"line":29,"column":null}},"15":{"start":{"line":31,"column":6},"end":{"line":31,"column":null}},"16":{"start":{"line":34,"column":17},"end":{"line":34,"column":null}},"17":{"start":{"line":40,"column":4},"end":{"line":40,"column":null}},"18":{"start":{"line":42,"column":4},"end":{"line":42,"column":null}},"19":{"start":{"line":43,"column":4},"end":{"line":45,"column":null}},"20":{"start":{"line":44,"column":6},"end":{"line":44,"column":null}},"21":{"start":{"line":46,"column":4},"end":{"line":46,"column":null}}},"fnMap":{"0":{"name":"fetchStockDetails","decl":{"start":{"line":5,"column":22},"end":{"line":5,"column":40}},"loc":{"start":{"line":5,"column":79},"end":{"line":48,"column":null}},"line":5},"1":{"name":"(anonymous_1)","decl":{"start":{"line":11,"column":31},"end":{"line":11,"column":37}},"loc":{"start":{"line":11,"column":37},"end":{"line":11,"column":57}},"line":11}},"branchMap":{"0":{"loc":{"start":{"line":22,"column":4},"end":{"line":32,"column":null}},"type":"if","locations":[{"start":{"line":22,"column":4},"end":{"line":32,"column":null}},{"start":{},"end":{}}],"line":22},"1":{"loc":{"start":{"line":27,"column":23},"end":{"line":27,"column":null}},"type":"binary-expr","locations":[{"start":{"line":27,"column":23},"end":{"line":27,"column":42}},{"start":{"line":27,"column":42},"end":{"line":27,"column":null}}],"line":27},"2":{"loc":{"start":{"line":29,"column":23},"end":{"line":29,"column":null}},"type":"binary-expr","locations":[{"start":{"line":29,"column":23},"end":{"line":29,"column":36}},{"start":{"line":29,"column":36},"end":{"line":29,"column":null}}],"line":29},"3":{"loc":{"start":{"line":43,"column":4},"end":{"line":45,"column":null}},"type":"if","locations":[{"start":{"line":43,"column":4},"end":{"line":45,"column":null}},{"start":{},"end":{}}],"line":43},"4":{"loc":{"start":{"line":43,"column":8},"end":{"line":43,"column":63}},"type":"binary-expr","locations":[{"start":{"line":43,"column":8},"end":{"line":43,"column":34}},{"start":{"line":43,"column":34},"end":{"line":43,"column":63}}],"line":43}},"s":{"0":5,"1":5,"2":5,"3":5,"4":0,"5":5,"6":5,"7":3,"8":3,"9":2,"10":2,"11":2,"12":2,"13":2,"14":1,"15":2,"16":1,"17":1,"18":4,"19":4,"20":1,"21":3},"f":{"0":5,"1":0},"b":{"0":[2,1],"1":[2,0],"2":[1,0],"3":[1,3],"4":[4,4]},"meta":{"lastBranch":5,"lastFunction":2,"lastStatement":22,"seen":{"f:5:22:5:40":0,"s:6:14:6:Infinity":0,"s:7:2:7:Infinity":1,"s:10:21:10:Infinity":2,"s:11:20:11:Infinity":3,"f:11:31:11:37":1,"s:11:37:11:57":4,"s:13:2:47:Infinity":5,"s:14:21:18:Infinity":6,"s:20:4:20:Infinity":7,"b:22:4:32:Infinity:undefined:undefined:undefined:undefined":0,"s:22:4:32:Infinity":8,"s:23:24:23:Infinity":9,"s:24:25:24:Infinity":10,"s:25:6:30:Infinity":11,"s:26:26:26:Infinity":12,"s:27:8:27:Infinity":13,"b:27:23:27:42:27:42:27:Infinity":1,"s:29:8:29:Infinity":14,"b:29:23:29:36:29:36:29:Infinity":2,"s:31:6:31:Infinity":15,"s:34:17:34:Infinity":16,"s:40:4:40:Infinity":17,"s:42:4:42:Infinity":18,"b:43:4:45:Infinity:undefined:undefined:undefined:undefined":3,"s:43:4:45:Infinity":19,"b:43:8:43:34:43:34:43:63":4,"s:44:6:44:Infinity":20,"s:46:4:46:Infinity":21}}}
,"/home/sngvahmed/workspace/stockly/webapp/src/api/userSettings.ts": {"path":"/home/sngvahmed/workspace/stockly/webapp/src/api/userSettings.ts","statementMap":{"0":{"start":{"line":3,"column":24},"end":{"line":5,"column":null}},"1":{"start":{"line":8,"column":14},"end":{"line":8,"column":null}},"2":{"start":{"line":10,"column":2},"end":{"line":51,"column":null}},"3":{"start":{"line":11,"column":21},"end":{"line":15,"column":null}},"4":{"start":{"line":18,"column":4},"end":{"line":20,"column":null}},"5":{"start":{"line":19,"column":6},"end":{"line":19,"column":null}},"6":{"start":{"line":22,"column":4},"end":{"line":32,"column":null}},"7":{"start":{"line":23,"column":24},"end":{"line":23,"column":null}},"8":{"start":{"line":24,"column":25},"end":{"line":24,"column":null}},"9":{"start":{"line":25,"column":6},"end":{"line":30,"column":null}},"10":{"start":{"line":26,"column":26},"end":{"line":26,"column":null}},"11":{"start":{"line":27,"column":8},"end":{"line":27,"column":null}},"12":{"start":{"line":29,"column":8},"end":{"line":29,"column":null}},"13":{"start":{"line":31,"column":6},"end":{"line":31,"column":null}},"14":{"start":{"line":35,"column":4},"end":{"line":37,"column":null}},"15":{"start":{"line":36,"column":6},"end":{"line":36,"column":null}},"16":{"start":{"line":39,"column":4},"end":{"line":39,"column":null}},"17":{"start":{"line":42,"column":4},"end":{"line":49,"column":null}},"18":{"start":{"line":44,"column":6},"end":{"line":47,"column":null}},"19":{"start":{"line":45,"column":8},"end":{"line":45,"column":null}},"20":{"start":{"line":46,"column":8},"end":{"line":46,"column":null}},"21":{"start":{"line":48,"column":6},"end":{"line":48,"column":null}},"22":{"start":{"line":50,"column":4},"end":{"line":50,"column":null}},"23":{"start":{"line":97,"column":17},"end":{"line":97,"column":null}},"24":{"start":{"line":98,"column":2},"end":{"line":108,"column":null}},"25":{"start":{"line":100,"column":4},"end":{"line":107,"column":null}},"26":{"start":{"line":109,"column":2},"end":{"line":114,"column":null}},"27":{"start":{"line":120,"column":17},"end":{"line":123,"column":null}},"28":{"start":{"line":124,"column":2},"end":{"line":126,"column":null}},"29":{"start":{"line":125,"column":4},"end":{"line":125,"column":null}},"30":{"start":{"line":127,"column":2},"end":{"line":127,"column":null}},"31":{"start":{"line":131,"column":17},"end":{"line":131,"column":null}},"32":{"start":{"line":132,"column":2},"end":{"line":143,"column":null}},"33":{"start":{"line":134,"column":4},"end":{"line":142,"column":null}},"34":{"start":{"line":144,"column":2},"end":{"line":144,"column":null}},"35":{"start":{"line":150,"column":17},"end":{"line":153,"column":null}},"36":{"start":{"line":154,"column":2},"end":{"line":156,"column":null}},"37":{"start":{"line":155,"column":4},"end":{"line":155,"column":null}},"38":{"start":{"line":157,"column":2},"end":{"line":157,"column":null}},"39":{"start":{"line":168,"column":17},"end":{"line":174,"column":null}},"40":{"start":{"line":175,"column":2},"end":{"line":177,"column":null}},"41":{"start":{"line":176,"column":4},"end":{"line":176,"column":null}},"42":{"start":{"line":178,"column":2},"end":{"line":178,"column":null}}},"fnMap":{"0":{"name":"userRequest","decl":{"start":{"line":7,"column":15},"end":{"line":7,"column":30}},"loc":{"start":{"line":7,"column":101},"end":{"line":52,"column":null}},"line":7},"1":{"name":"getUserSettings","decl":{"start":{"line":96,"column":22},"end":{"line":96,"column":63}},"loc":{"start":{"line":96,"column":63},"end":{"line":115,"column":null}},"line":96},"2":{"name":"updateUserSettings","decl":{"start":{"line":117,"column":22},"end":{"line":117,"column":null}},"loc":{"start":{"line":119,"column":38},"end":{"line":128,"column":null}},"line":119},"3":{"name":"getUserPreferences","decl":{"start":{"line":130,"column":22},"end":{"line":130,"column":77}},"loc":{"start":{"line":130,"column":77},"end":{"line":145,"column":null}},"line":130},"4":{"name":"updateUserPreferences","decl":{"start":{"line":147,"column":22},"end":{"line":147,"column":null}},"loc":{"start":{"line":149,"column":30},"end":{"line":158,"column":null}},"line":149},"5":{"name":"updateNewsFavoriteSymbols","decl":{"start":{"line":165,"column":22},"end":{"line":165,"column":null}},"loc":{"start":{"line":167,"column":30},"end":{"line":179,"column":null}},"line":167}},"branchMap":{"0":{"loc":{"start":{"line":7,"column":64},"end":{"line":7,"column":101}},"type":"default-arg","locations":[{"start":{"line":7,"column":75},"end":{"line":7,"column":101}}],"line":7},"1":{"loc":{"start":{"line":18,"column":4},"end":{"line":20,"column":null}},"type":"if","locations":[{"start":{"line":18,"column":4},"end":{"line":20,"column":null}},{"start":{},"end":{}}],"line":18},"2":{"loc":{"start":{"line":18,"column":8},"end":{"line":18,"column":45}},"type":"binary-expr","locations":[{"start":{"line":18,"column":8},"end":{"line":18,"column":35}},{"start":{"line":18,"column":35},"end":{"line":18,"column":45}}],"line":18},"3":{"loc":{"start":{"line":22,"column":4},"end":{"line":32,"column":null}},"type":"if","locations":[{"start":{"line":22,"column":4},"end":{"line":32,"column":null}},{"start":{},"end":{}}],"line":22},"4":{"loc":{"start":{"line":27,"column":23},"end":{"line":27,"column":null}},"type":"binary-expr","locations":[{"start":{"line":27,"column":23},"end":{"line":27,"column":42}},{"start":{"line":27,"column":42},"end":{"line":27,"column":null}}],"line":27},"5":{"loc":{"start":{"line":29,"column":23},"end":{"line":29,"column":null}},"type":"binary-expr","locations":[{"start":{"line":29,"column":23},"end":{"line":29,"column":36}},{"start":{"line":29,"column":36},"end":{"line":29,"column":null}}],"line":29},"6":{"loc":{"start":{"line":35,"column":4},"end":{"line":37,"column":null}},"type":"if","locations":[{"start":{"line":35,"column":4},"end":{"line":37,"column":null}},{"start":{},"end":{}}],"line":35},"7":{"loc":{"start":{"line":35,"column":8},"end":{"line":35,"column":83}},"type":"binary-expr","locations":[{"start":{"line":35,"column":8},"end":{"line":35,"column":35}},{"start":{"line":35,"column":35},"end":{"line":35,"column":83}}],"line":35},"8":{"loc":{"start":{"line":42,"column":4},"end":{"line":49,"column":null}},"type":"if","locations":[{"start":{"line":42,"column":4},"end":{"line":49,"column":null}},{"start":{},"end":{}}],"line":42},"9":{"loc":{"start":{"line":42,"column":8},"end":{"line":42,"column":71}},"type":"binary-expr","locations":[{"start":{"line":42,"column":8},"end":{"line":42,"column":38}},{"start":{"line":42,"column":38},"end":{"line":42,"column":71}}],"line":42},"10":{"loc":{"start":{"line":44,"column":6},"end":{"line":47,"column":null}},"type":"if","locations":[{"start":{"line":44,"column":6},"end":{"line":47,"column":null}},{"start":{},"end":{}}],"line":44},"11":{"loc":{"start":{"line":98,"column":2},"end":{"line":108,"column":null}},"type":"if","locations":[{"start":{"line":98,"column":2},"end":{"line":108,"column":null}},{"start":{},"end":{}}],"line":98},"12":{"loc":{"start":{"line":111,"column":27},"end":{"line":111,"column":null}},"type":"binary-expr","locations":[{"start":{"line":111,"column":27},"end":{"line":111,"column":59}},{"start":{"line":111,"column":59},"end":{"line":111,"column":null}}],"line":111},"13":{"loc":{"start":{"line":112,"column":24},"end":{"line":112,"column":null}},"type":"binary-expr","locations":[{"start":{"line":112,"column":24},"end":{"line":112,"column":53}},{"start":{"line":112,"column":53},"end":{"line":112,"column":null}}],"line":112},"14":{"loc":{"start":{"line":113,"column":25},"end":{"line":113,"column":null}},"type":"binary-expr","locations":[{"start":{"line":113,"column":25},"end":{"line":113,"column":55}},{"start":{"line":113,"column":55},"end":{"line":113,"column":null}}],"line":113},"15":{"loc":{"start":{"line":124,"column":2},"end":{"line":126,"column":null}},"type":"if","locations":[{"start":{"line":124,"column":2},"end":{"line":126,"column":null}},{"start":{},"end":{}}],"line":124},"16":{"loc":{"start":{"line":132,"column":2},"end":{"line":143,"column":null}},"type":"if","locations":[{"start":{"line":132,"column":2},"end":{"line":143,"column":null}},{"start":{},"end":{}}],"line":132},"17":{"loc":{"start":{"line":154,"column":2},"end":{"line":156,"column":null}},"type":"if","locations":[{"start":{"line":154,"column":2},"end":{"line":156,"column":null}},{"start":{},"end":{}}],"line":154},"18":{"loc":{"start":{"line":175,"column":2},"end":{"line":177,"column":null}},"type":"if","locations":[{"start":{"line":175,"column":2},"end":{"line":177,"column":null}},{"start":{},"end":{}}],"line":175}},"s":{"0":1,"1":11,"2":11,"3":11,"4":10,"5":2,"6":8,"7":2,"8":0,"9":0,"10":0,"11":0,"12":0,"13":0,"14":6,"15":0,"16":6,"17":3,"18":1,"19":1,"20":1,"21":0,"22":2,"23":4,"24":4,"25":2,"26":2,"27":3,"28":2,"29":0,"30":2,"31":2,"32":2,"33":1,"34":1,"35":2,"36":1,"37":0,"38":1,"39":0,"40":0,"41":0,"42":0},"f":{"0":11,"1":4,"2":3,"3":2,"4":2,"5":0},"b":{"0":[11],"1":[2,8],"2":[10,2],"3":[2,6],"4":[0,0],"5":[0,0],"6":[0,6],"7":[6,6],"8":[1,2],"9":[3,3],"10":[1,0],"11":[2,2],"12":[2,1],"13":[4,1],"14":[4,1],"15":[0,2],"16":[1,1],"17":[0,1],"18":[0,0]},"meta":{"lastBranch":19,"lastFunction":6,"lastStatement":43,"seen":{"s:3:24:5:Infinity":0,"f:7:15:7:30":0,"b:7:75:7:101":0,"s:8:14:8:Infinity":1,"s:10:2:51:Infinity":2,"s:11:21:15:Infinity":3,"b:18:4:20:Infinity:undefined:undefined:undefined:undefined":1,"s:18:4:20:Infinity":4,"b:18:8:18:35:18:35:18:45":2,"s:19:6:19:Infinity":5,"b:22:4:32:Infinity:undefined:undefined:undefined:undefined":3,"s:22:4:32:Infinity":6,"s:23:24:23:Infinity":7,"s:24:25:24:Infinity":8,"s:25:6:30:Infinity":9,"s:26:26:26:Infinity":10,"s:27:8:27:Infinity":11,"b:27:23:27:42:27:42:27:Infinity":4,"s:29:8:29:Infinity":12,"b:29:23:29:36:29:36:29:Infinity":5,"s:31:6:31:Infinity":13,"b:35:4:37:Infinity:undefined:undefined:undefined:undefined":6,"s:35:4:37:Infinity":14,"b:35:8:35:35:35:35:35:83":7,"s:36:6:36:Infinity":15,"s:39:4:39:Infinity":16,"b:42:4:49:Infinity:undefined:undefined:undefined:undefined":8,"s:42:4:49:Infinity":17,"b:42:8:42:38:42:38:42:71":9,"b:44:6:47:Infinity:undefined:undefined:undefined:undefined":10,"s:44:6:47:Infinity":18,"s:45:8:45:Infinity":19,"s:46:8:46:Infinity":20,"s:48:6:48:Infinity":21,"s:50:4:50:Infinity":22,"f:96:22:96:63":1,"s:97:17:97:Infinity":23,"b:98:2:108:Infinity:undefined:undefined:undefined:undefined":11,"s:98:2:108:Infinity":24,"s:100:4:107:Infinity":25,"s:109:2:114:Infinity":26,"b:111:27:111:59:111:59:111:Infinity":12,"b:112:24:112:53:112:53:112:Infinity":13,"b:113:25:113:55:113:55:113:Infinity":14,"f:117:22:117:Infinity":2,"s:120:17:123:Infinity":27,"b:124:2:126:Infinity:undefined:undefined:undefined:undefined":15,"s:124:2:126:Infinity":28,"s:125:4:125:Infinity":29,"s:127:2:127:Infinity":30,"f:130:22:130:77":3,"s:131:17:131:Infinity":31,"b:132:2:143:Infinity:undefined:undefined:undefined:undefined":16,"s:132:2:143:Infinity":32,"s:134:4:142:Infinity":33,"s:144:2:144:Infinity":34,"f:147:22:147:Infinity":4,"s:150:17:153:Infinity":35,"b:154:2:156:Infinity:undefined:undefined:undefined:undefined":17,"s:154:2:156:Infinity":36,"s:155:4:155:Infinity":37,"s:157:2:157:Infinity":38,"f:165:22:165:Infinity":5,"s:168:17:174:Infinity":39,"b:175:2:177:Infinity:undefined:undefined:undefined:undefined":18,"s:175:2:177:Infinity":40,"s:176:4:176:Infinity":41,"s:178:2:178:Infinity":42}}}
,"/home/sngvahmed/workspace/stockly/webapp/src/components/AlertForm.tsx": {"path":"/home/sngvahmed/workspace/stockly/webapp/src/components/AlertForm.tsx","statementMap":{"0":{"start":{"line":38,"column":27},"end":{"line":38,"column":null}},"1":{"start":{"line":38,"column":33},"end":{"line":38,"column":null}},"2":{"start":{"line":39,"column":30},"end":{"line":39,"column":null}},"3":{"start":{"line":39,"column":52},"end":{"line":39,"column":null}},"4":{"start":{"line":40,"column":30},"end":{"line":40,"column":null}},"5":{"start":{"line":40,"column":36},"end":{"line":40,"column":null}},"6":{"start":{"line":41,"column":27},"end":{"line":41,"column":null}},"7":{"start":{"line":41,"column":46},"end":{"line":41,"column":null}},"8":{"start":{"line":42,"column":27},"end":{"line":42,"column":null}},"9":{"start":{"line":42,"column":33},"end":{"line":42,"column":null}},"10":{"start":{"line":43,"column":29},"end":{"line":49,"column":null}},"11":{"start":{"line":44,"column":4},"end":{"line":47,"column":null}},"12":{"start":{"line":45,"column":29},"end":{"line":45,"column":null}},"13":{"start":{"line":45,"column":49},"end":{"line":45,"column":77}},"14":{"start":{"line":46,"column":6},"end":{"line":46,"column":null}},"15":{"start":{"line":48,"column":4},"end":{"line":48,"column":null}},"16":{"start":{"line":51,"column":26},"end":{"line":51,"column":null}},"17":{"start":{"line":52,"column":32},"end":{"line":52,"column":null}},"18":{"start":{"line":53,"column":32},"end":{"line":53,"column":null}},"19":{"start":{"line":54,"column":26},"end":{"line":54,"column":null}},"20":{"start":{"line":55,"column":26},"end":{"line":55,"column":null}},"21":{"start":{"line":56,"column":46},"end":{"line":56,"column":null}},"22":{"start":{"line":57,"column":26},"end":{"line":57,"column":null}},"23":{"start":{"line":58,"column":44},"end":{"line":58,"column":null}},"24":{"start":{"line":60,"column":32},"end":{"line":60,"column":null}},"25":{"start":{"line":62,"column":8},"end":{"line":67,"column":null}},"26":{"start":{"line":64,"column":13},"end":{"line":64,"column":null}},"27":{"start":{"line":70,"column":8},"end":{"line":70,"column":null}},"28":{"start":{"line":75,"column":2},"end":{"line":98,"column":null}},"29":{"start":{"line":76,"column":27},"end":{"line":76,"column":null}},"30":{"start":{"line":77,"column":4},"end":{"line":96,"column":null}},"31":{"start":{"line":78,"column":6},"end":{"line":78,"column":null}},"32":{"start":{"line":80,"column":6},"end":{"line":95,"column":null}},"33":{"start":{"line":81,"column":8},"end":{"line":81,"column":null}},"34":{"start":{"line":82,"column":8},"end":{"line":82,"column":null}},"35":{"start":{"line":83,"column":8},"end":{"line":83,"column":null}},"36":{"start":{"line":84,"column":8},"end":{"line":84,"column":null}},"37":{"start":{"line":85,"column":8},"end":{"line":85,"column":null}},"38":{"start":{"line":86,"column":31},"end":{"line":86,"column":null}},"39":{"start":{"line":86,"column":51},"end":{"line":86,"column":79}},"40":{"start":{"line":87,"column":8},"end":{"line":87,"column":null}},"41":{"start":{"line":89,"column":8},"end":{"line":89,"column":null}},"42":{"start":{"line":90,"column":8},"end":{"line":90,"column":null}},"43":{"start":{"line":91,"column":8},"end":{"line":91,"column":null}},"44":{"start":{"line":92,"column":8},"end":{"line":92,"column":null}},"45":{"start":{"line":93,"column":8},"end":{"line":93,"column":null}},"46":{"start":{"line":94,"column":8},"end":{"line":94,"column":null}},"47":{"start":{"line":101,"column":2},"end":{"line":108,"column":null}},"48":{"start":{"line":102,"column":4},"end":{"line":107,"column":null}},"49":{"start":{"line":103,"column":29},"end":{"line":103,"column":null}},"50":{"start":{"line":103,"column":49},"end":{"line":103,"column":81}},"51":{"start":{"line":104,"column":6},"end":{"line":106,"column":null}},"52":{"start":{"line":105,"column":8},"end":{"line":105,"column":null}},"53":{"start":{"line":110,"column":19},"end":{"line":130,"column":null}},"54":{"start":{"line":111,"column":46},"end":{"line":111,"column":null}},"55":{"start":{"line":113,"column":4},"end":{"line":115,"column":null}},"56":{"start":{"line":114,"column":6},"end":{"line":114,"column":null}},"57":{"start":{"line":117,"column":25},"end":{"line":117,"column":null}},"58":{"start":{"line":118,"column":4},"end":{"line":120,"column":null}},"59":{"start":{"line":119,"column":6},"end":{"line":119,"column":null}},"60":{"start":{"line":122,"column":4},"end":{"line":126,"column":null}},"61":{"start":{"line":123,"column":6},"end":{"line":123,"column":null}},"62":{"start":{"line":124,"column":4},"end":{"line":126,"column":null}},"63":{"start":{"line":125,"column":6},"end":{"line":125,"column":null}},"64":{"start":{"line":128,"column":4},"end":{"line":128,"column":null}},"65":{"start":{"line":129,"column":4},"end":{"line":129,"column":null}},"66":{"start":{"line":132,"column":23},"end":{"line":161,"column":null}},"67":{"start":{"line":133,"column":4},"end":{"line":133,"column":null}},"68":{"start":{"line":135,"column":4},"end":{"line":137,"column":null}},"69":{"start":{"line":136,"column":6},"end":{"line":136,"column":null}},"70":{"start":{"line":139,"column":4},"end":{"line":160,"column":null}},"71":{"start":{"line":140,"column":60},"end":{"line":155,"column":null}},"72":{"start":{"line":157,"column":6},"end":{"line":157,"column":null}},"73":{"start":{"line":159,"column":6},"end":{"line":159,"column":null}},"74":{"start":{"line":163,"column":33},"end":{"line":166,"column":null}},"75":{"start":{"line":164,"column":4},"end":{"line":164,"column":null}},"76":{"start":{"line":165,"column":4},"end":{"line":165,"column":null}},"77":{"start":{"line":168,"column":2},"end":{"line":442,"column":null}},"78":{"start":{"line":170,"column":56},"end":{"line":170,"column":null}},"79":{"start":{"line":194,"column":18},"end":{"line":194,"column":null}},"80":{"start":{"line":195,"column":18},"end":{"line":195,"column":null}},"81":{"start":{"line":197,"column":31},"end":{"line":197,"column":null}},"82":{"start":{"line":211,"column":22},"end":{"line":219,"column":null}},"83":{"start":{"line":214,"column":41},"end":{"line":214,"column":null}},"84":{"start":{"line":240,"column":22},"end":{"line":240,"column":null}},"85":{"start":{"line":253,"column":22},"end":{"line":253,"column":null}},"86":{"start":{"line":272,"column":33},"end":{"line":272,"column":null}},"87":{"start":{"line":293,"column":37},"end":{"line":293,"column":null}},"88":{"start":{"line":304,"column":37},"end":{"line":304,"column":null}},"89":{"start":{"line":358,"column":20},"end":{"line":358,"column":null}},"90":{"start":{"line":359,"column":43},"end":{"line":359,"column":null}},"91":{"start":{"line":359,"column":63},"end":{"line":359,"column":93}},"92":{"start":{"line":360,"column":20},"end":{"line":362,"column":null}},"93":{"start":{"line":361,"column":22},"end":{"line":361,"column":null}},"94":{"start":{"line":379,"column":20},"end":{"line":382,"column":null}},"95":{"start":{"line":398,"column":16},"end":{"line":398,"column":null}},"96":{"start":{"line":400,"column":16},"end":{"line":405,"column":null}},"97":{"start":{"line":401,"column":41},"end":{"line":401,"column":null}},"98":{"start":{"line":401,"column":61},"end":{"line":401,"column":93}},"99":{"start":{"line":402,"column":18},"end":{"line":404,"column":null}},"100":{"start":{"line":403,"column":20},"end":{"line":403,"column":null}}},"fnMap":{"0":{"name":"AlertForm","decl":{"start":{"line":30,"column":16},"end":{"line":30,"column":26}},"loc":{"start":{"line":36,"column":19},"end":{"line":444,"column":null}},"line":36},"1":{"name":"(anonymous_1)","decl":{"start":{"line":38,"column":27},"end":{"line":38,"column":33}},"loc":{"start":{"line":38,"column":33},"end":{"line":38,"column":null}},"line":38},"2":{"name":"(anonymous_2)","decl":{"start":{"line":39,"column":30},"end":{"line":39,"column":52}},"loc":{"start":{"line":39,"column":52},"end":{"line":39,"column":null}},"line":39},"3":{"name":"(anonymous_3)","decl":{"start":{"line":40,"column":30},"end":{"line":40,"column":36}},"loc":{"start":{"line":40,"column":36},"end":{"line":40,"column":null}},"line":40},"4":{"name":"(anonymous_4)","decl":{"start":{"line":41,"column":27},"end":{"line":41,"column":46}},"loc":{"start":{"line":41,"column":46},"end":{"line":41,"column":null}},"line":41},"5":{"name":"(anonymous_5)","decl":{"start":{"line":42,"column":27},"end":{"line":42,"column":33}},"loc":{"start":{"line":42,"column":33},"end":{"line":42,"column":null}},"line":42},"6":{"name":"(anonymous_6)","decl":{"start":{"line":43,"column":29},"end":{"line":43,"column":43}},"loc":{"start":{"line":43,"column":43},"end":{"line":49,"column":null}},"line":43},"7":{"name":"(anonymous_7)","decl":{"start":{"line":45,"column":42},"end":{"line":45,"column":43}},"loc":{"start":{"line":45,"column":49},"end":{"line":45,"column":77}},"line":45},"8":{"name":"(anonymous_8)","decl":{"start":{"line":64,"column":13},"end":{"line":64,"column":19}},"loc":{"start":{"line":64,"column":13},"end":{"line":64,"column":null}},"line":64},"9":{"name":"(anonymous_9)","decl":{"start":{"line":75,"column":12},"end":{"line":75,"column":18}},"loc":{"start":{"line":75,"column":18},"end":{"line":98,"column":5}},"line":75},"10":{"name":"(anonymous_10)","decl":{"start":{"line":86,"column":44},"end":{"line":86,"column":45}},"loc":{"start":{"line":86,"column":51},"end":{"line":86,"column":79}},"line":86},"11":{"name":"(anonymous_11)","decl":{"start":{"line":101,"column":12},"end":{"line":101,"column":18}},"loc":{"start":{"line":101,"column":18},"end":{"line":108,"column":5}},"line":101},"12":{"name":"(anonymous_12)","decl":{"start":{"line":103,"column":42},"end":{"line":103,"column":43}},"loc":{"start":{"line":103,"column":49},"end":{"line":103,"column":81}},"line":103},"13":{"name":"(anonymous_13)","decl":{"start":{"line":110,"column":19},"end":{"line":110,"column":34}},"loc":{"start":{"line":110,"column":34},"end":{"line":130,"column":null}},"line":110},"14":{"name":"(anonymous_14)","decl":{"start":{"line":132,"column":23},"end":{"line":132,"column":30}},"loc":{"start":{"line":132,"column":53},"end":{"line":161,"column":null}},"line":132},"15":{"name":"(anonymous_15)","decl":{"start":{"line":163,"column":33},"end":{"line":163,"column":34}},"loc":{"start":{"line":163,"column":61},"end":{"line":166,"column":null}},"line":163},"16":{"name":"(anonymous_16)","decl":{"start":{"line":170,"column":49},"end":{"line":170,"column":50}},"loc":{"start":{"line":170,"column":56},"end":{"line":170,"column":null}},"line":170},"17":{"name":"(anonymous_17)","decl":{"start":{"line":193,"column":26},"end":{"line":193,"column":27}},"loc":{"start":{"line":193,"column":33},"end":{"line":196,"column":null}},"line":193},"18":{"name":"(anonymous_18)","decl":{"start":{"line":197,"column":25},"end":{"line":197,"column":31}},"loc":{"start":{"line":197,"column":31},"end":{"line":197,"column":null}},"line":197},"19":{"name":"(anonymous_19)","decl":{"start":{"line":210,"column":54},"end":{"line":210,"column":55}},"loc":{"start":{"line":211,"column":22},"end":{"line":219,"column":null}},"line":211},"20":{"name":"(anonymous_20)","decl":{"start":{"line":214,"column":35},"end":{"line":214,"column":41}},"loc":{"start":{"line":214,"column":41},"end":{"line":214,"column":null}},"line":214},"21":{"name":"(anonymous_21)","decl":{"start":{"line":239,"column":30},"end":{"line":239,"column":31}},"loc":{"start":{"line":240,"column":22},"end":{"line":240,"column":null}},"line":240},"22":{"name":"(anonymous_22)","decl":{"start":{"line":252,"column":30},"end":{"line":252,"column":31}},"loc":{"start":{"line":253,"column":22},"end":{"line":253,"column":null}},"line":253},"23":{"name":"(anonymous_23)","decl":{"start":{"line":272,"column":26},"end":{"line":272,"column":27}},"loc":{"start":{"line":272,"column":33},"end":{"line":272,"column":null}},"line":272},"24":{"name":"(anonymous_24)","decl":{"start":{"line":293,"column":30},"end":{"line":293,"column":31}},"loc":{"start":{"line":293,"column":37},"end":{"line":293,"column":null}},"line":293},"25":{"name":"(anonymous_25)","decl":{"start":{"line":304,"column":30},"end":{"line":304,"column":31}},"loc":{"start":{"line":304,"column":37},"end":{"line":304,"column":null}},"line":304},"26":{"name":"(anonymous_26)","decl":{"start":{"line":357,"column":28},"end":{"line":357,"column":29}},"loc":{"start":{"line":357,"column":35},"end":{"line":363,"column":null}},"line":357},"27":{"name":"(anonymous_27)","decl":{"start":{"line":359,"column":56},"end":{"line":359,"column":57}},"loc":{"start":{"line":359,"column":63},"end":{"line":359,"column":93}},"line":359},"28":{"name":"(anonymous_28)","decl":{"start":{"line":378,"column":31},"end":{"line":378,"column":32}},"loc":{"start":{"line":379,"column":20},"end":{"line":382,"column":null}},"line":379},"29":{"name":"(anonymous_29)","decl":{"start":{"line":397,"column":24},"end":{"line":397,"column":25}},"loc":{"start":{"line":397,"column":31},"end":{"line":406,"column":null}},"line":397},"30":{"name":"(anonymous_30)","decl":{"start":{"line":401,"column":54},"end":{"line":401,"column":55}},"loc":{"start":{"line":401,"column":61},"end":{"line":401,"column":93}},"line":401}},"branchMap":{"0":{"loc":{"start":{"line":35,"column":2},"end":{"line":35,"column":null}},"type":"default-arg","locations":[{"start":{"line":35,"column":12},"end":{"line":35,"column":null}}],"line":35},"1":{"loc":{"start":{"line":38,"column":33},"end":{"line":38,"column":null}},"type":"binary-expr","locations":[{"start":{"line":38,"column":33},"end":{"line":38,"column":50}},{"start":{"line":38,"column":50},"end":{"line":38,"column":null}}],"line":38},"2":{"loc":{"start":{"line":39,"column":52},"end":{"line":39,"column":null}},"type":"binary-expr","locations":[{"start":{"line":39,"column":52},"end":{"line":39,"column":72}},{"start":{"line":39,"column":72},"end":{"line":39,"column":null}}],"line":39},"3":{"loc":{"start":{"line":40,"column":36},"end":{"line":40,"column":null}},"type":"binary-expr","locations":[{"start":{"line":40,"column":36},"end":{"line":40,"column":68}},{"start":{"line":40,"column":68},"end":{"line":40,"column":null}}],"line":40},"4":{"loc":{"start":{"line":41,"column":46},"end":{"line":41,"column":null}},"type":"binary-expr","locations":[{"start":{"line":41,"column":46},"end":{"line":41,"column":63}},{"start":{"line":41,"column":63},"end":{"line":41,"column":null}}],"line":41},"5":{"loc":{"start":{"line":42,"column":33},"end":{"line":42,"column":null}},"type":"binary-expr","locations":[{"start":{"line":42,"column":33},"end":{"line":42,"column":50}},{"start":{"line":42,"column":50},"end":{"line":42,"column":null}}],"line":42},"6":{"loc":{"start":{"line":44,"column":4},"end":{"line":47,"column":null}},"type":"if","locations":[{"start":{"line":44,"column":4},"end":{"line":47,"column":null}},{"start":{},"end":{}}],"line":44},"7":{"loc":{"start":{"line":46,"column":13},"end":{"line":46,"column":null}},"type":"binary-expr","locations":[{"start":{"line":46,"column":13},"end":{"line":46,"column":42}},{"start":{"line":46,"column":42},"end":{"line":46,"column":null}}],"line":46},"8":{"loc":{"start":{"line":65,"column":13},"end":{"line":65,"column":null}},"type":"binary-expr","locations":[{"start":{"line":65,"column":13},"end":{"line":65,"column":42}},{"start":{"line":65,"column":42},"end":{"line":65,"column":null}}],"line":65},"9":{"loc":{"start":{"line":77,"column":4},"end":{"line":96,"column":null}},"type":"if","locations":[{"start":{"line":77,"column":4},"end":{"line":96,"column":null}},{"start":{},"end":{}}],"line":77},"10":{"loc":{"start":{"line":80,"column":6},"end":{"line":95,"column":null}},"type":"if","locations":[{"start":{"line":80,"column":6},"end":{"line":95,"column":null}},{"start":{"line":88,"column":13},"end":{"line":95,"column":null}}],"line":80},"11":{"loc":{"start":{"line":87,"column":28},"end":{"line":87,"column":59}},"type":"binary-expr","locations":[{"start":{"line":87,"column":28},"end":{"line":87,"column":57}},{"start":{"line":87,"column":57},"end":{"line":87,"column":59}}],"line":87},"12":{"loc":{"start":{"line":102,"column":4},"end":{"line":107,"column":null}},"type":"if","locations":[{"start":{"line":102,"column":4},"end":{"line":107,"column":null}},{"start":{},"end":{}}],"line":102},"13":{"loc":{"start":{"line":102,"column":8},"end":{"line":102,"column":36}},"type":"binary-expr","locations":[{"start":{"line":102,"column":8},"end":{"line":102,"column":28}},{"start":{"line":102,"column":28},"end":{"line":102,"column":36}}],"line":102},"14":{"loc":{"start":{"line":104,"column":6},"end":{"line":106,"column":null}},"type":"if","locations":[{"start":{"line":104,"column":6},"end":{"line":106,"column":null}},{"start":{},"end":{}}],"line":104},"15":{"loc":{"start":{"line":113,"column":4},"end":{"line":115,"column":null}},"type":"if","locations":[{"start":{"line":113,"column":4},"end":{"line":115,"column":null}},{"start":{},"end":{}}],"line":113},"16":{"loc":{"start":{"line":118,"column":4},"end":{"line":120,"column":null}},"type":"if","locations":[{"start":{"line":118,"column":4},"end":{"line":120,"column":null}},{"start":{},"end":{}}],"line":118},"17":{"loc":{"start":{"line":118,"column":8},"end":{"line":118,"column":64}},"type":"binary-expr","locations":[{"start":{"line":118,"column":8},"end":{"line":118,"column":22}},{"start":{"line":118,"column":22},"end":{"line":118,"column":45}},{"start":{"line":118,"column":45},"end":{"line":118,"column":64}}],"line":118},"18":{"loc":{"start":{"line":122,"column":4},"end":{"line":126,"column":null}},"type":"if","locations":[{"start":{"line":122,"column":4},"end":{"line":126,"column":null}},{"start":{"line":124,"column":4},"end":{"line":126,"column":null}}],"line":122},"19":{"loc":{"start":{"line":124,"column":4},"end":{"line":126,"column":null}},"type":"if","locations":[{"start":{"line":124,"column":4},"end":{"line":126,"column":null}},{"start":{},"end":{}}],"line":124},"20":{"loc":{"start":{"line":124,"column":15},"end":{"line":124,"column":71}},"type":"binary-expr","locations":[{"start":{"line":124,"column":15},"end":{"line":124,"column":37}},{"start":{"line":124,"column":37},"end":{"line":124,"column":71}}],"line":124},"21":{"loc":{"start":{"line":135,"column":4},"end":{"line":137,"column":null}},"type":"if","locations":[{"start":{"line":135,"column":4},"end":{"line":137,"column":null}},{"start":{},"end":{}}],"line":135},"22":{"loc":{"start":{"line":140,"column":60},"end":{"line":155,"column":null}},"type":"cond-expr","locations":[{"start":{"line":141,"column":10},"end":{"line":148,"column":null}},{"start":{"line":149,"column":10},"end":{"line":155,"column":null}}],"line":140},"23":{"loc":{"start":{"line":172,"column":15},"end":{"line":172,"column":53}},"type":"cond-expr","locations":[{"start":{"line":172,"column":23},"end":{"line":172,"column":38}},{"start":{"line":172,"column":38},"end":{"line":172,"column":53}}],"line":172},"24":{"loc":{"start":{"line":199,"column":26},"end":{"line":199,"column":null}},"type":"binary-expr","locations":[{"start":{"line":199,"column":26},"end":{"line":199,"column":42}},{"start":{"line":199,"column":42},"end":{"line":199,"column":null}}],"line":199},"25":{"loc":{"start":{"line":200,"column":27},"end":{"line":200,"column":null}},"type":"cond-expr","locations":[{"start":{"line":200,"column":43},"end":{"line":200,"column":53}},{"start":{"line":200,"column":53},"end":{"line":200,"column":null}}],"line":200},"26":{"loc":{"start":{"line":202,"column":15},"end":{"line":203,"column":null}},"type":"binary-expr","locations":[{"start":{"line":202,"column":15},"end":{"line":202,"column":null}},{"start":{"line":203,"column":16},"end":{"line":203,"column":null}}],"line":202},"27":{"loc":{"start":{"line":205,"column":15},"end":{"line":221,"column":null}},"type":"binary-expr","locations":[{"start":{"line":205,"column":15},"end":{"line":205,"column":null}},{"start":{"line":206,"column":16},"end":{"line":206,"column":null}},{"start":{"line":207,"column":16},"end":{"line":207,"column":null}},{"start":{"line":208,"column":16},"end":{"line":208,"column":null}},{"start":{"line":209,"column":18},"end":{"line":221,"column":null}}],"line":205},"28":{"loc":{"start":{"line":275,"column":27},"end":{"line":275,"column":null}},"type":"cond-expr","locations":[{"start":{"line":275,"column":46},"end":{"line":275,"column":56}},{"start":{"line":275,"column":56},"end":{"line":275,"column":null}}],"line":275},"29":{"loc":{"start":{"line":277,"column":15},"end":{"line":278,"column":null}},"type":"binary-expr","locations":[{"start":{"line":277,"column":15},"end":{"line":277,"column":null}},{"start":{"line":278,"column":16},"end":{"line":278,"column":null}}],"line":277},"30":{"loc":{"start":{"line":283,"column":11},"end":{"line":310,"column":null}},"type":"binary-expr","locations":[{"start":{"line":283,"column":11},"end":{"line":283,"column":null}},{"start":{"line":284,"column":12},"end":{"line":310,"column":null}}],"line":283},"31":{"loc":{"start":{"line":352,"column":13},"end":{"line":389,"column":null}},"type":"cond-expr","locations":[{"start":{"line":353,"column":14},"end":{"line":388,"column":null}},{"start":{"line":389,"column":16},"end":{"line":389,"column":null}}],"line":352},"32":{"loc":{"start":{"line":352,"column":13},"end":{"line":352,"column":null}},"type":"binary-expr","locations":[{"start":{"line":352,"column":13},"end":{"line":352,"column":35}},{"start":{"line":352,"column":35},"end":{"line":352,"column":null}}],"line":352},"33":{"loc":{"start":{"line":360,"column":20},"end":{"line":362,"column":null}},"type":"if","locations":[{"start":{"line":360,"column":20},"end":{"line":362,"column":null}},{"start":{},"end":{}}],"line":360},"34":{"loc":{"start":{"line":365,"column":29},"end":{"line":365,"column":null}},"type":"cond-expr","locations":[{"start":{"line":365,"column":45},"end":{"line":365,"column":55}},{"start":{"line":365,"column":55},"end":{"line":365,"column":null}}],"line":365},"35":{"loc":{"start":{"line":380,"column":23},"end":{"line":380,"column":52}},"type":"binary-expr","locations":[{"start":{"line":380,"column":23},"end":{"line":380,"column":42}},{"start":{"line":380,"column":42},"end":{"line":380,"column":52}}],"line":380},"36":{"loc":{"start":{"line":380,"column":54},"end":{"line":380,"column":104}},"type":"cond-expr","locations":[{"start":{"line":380,"column":74},"end":{"line":380,"column":101}},{"start":{"line":380,"column":101},"end":{"line":380,"column":104}}],"line":380},"37":{"loc":{"start":{"line":380,"column":106},"end":{"line":380,"column":null}},"type":"cond-expr","locations":[{"start":{"line":380,"column":126},"end":{"line":380,"column":153}},{"start":{"line":380,"column":153},"end":{"line":380,"column":null}}],"line":380},"38":{"loc":{"start":{"line":381,"column":23},"end":{"line":381,"column":null}},"type":"cond-expr","locations":[{"start":{"line":381,"column":57},"end":{"line":381,"column":128}},{"start":{"line":381,"column":128},"end":{"line":381,"column":null}}],"line":381},"39":{"loc":{"start":{"line":381,"column":89},"end":{"line":381,"column":123}},"type":"cond-expr","locations":[{"start":{"line":381,"column":115},"end":{"line":381,"column":121}},{"start":{"line":381,"column":121},"end":{"line":381,"column":123}}],"line":381},"40":{"loc":{"start":{"line":390,"column":56},"end":{"line":390,"column":100}},"type":"cond-expr","locations":[{"start":{"line":390,"column":87},"end":{"line":390,"column":96}},{"start":{"line":390,"column":96},"end":{"line":390,"column":100}}],"line":390},"41":{"loc":{"start":{"line":390,"column":56},"end":{"line":390,"column":87}},"type":"binary-expr","locations":[{"start":{"line":390,"column":56},"end":{"line":390,"column":78}},{"start":{"line":390,"column":78},"end":{"line":390,"column":87}}],"line":390},"42":{"loc":{"start":{"line":400,"column":16},"end":{"line":405,"column":null}},"type":"if","locations":[{"start":{"line":400,"column":16},"end":{"line":405,"column":null}},{"start":{},"end":{}}],"line":400},"43":{"loc":{"start":{"line":402,"column":18},"end":{"line":404,"column":null}},"type":"if","locations":[{"start":{"line":402,"column":18},"end":{"line":404,"column":null}},{"start":{},"end":{}}],"line":402},"44":{"loc":{"start":{"line":402,"column":22},"end":{"line":402,"column":85}},"type":"binary-expr","locations":[{"start":{"line":402,"column":22},"end":{"line":402,"column":40}},{"start":{"line":402,"column":40},"end":{"line":402,"column":85}}],"line":402},"45":{"loc":{"start":{"line":410,"column":25},"end":{"line":410,"column":null}},"type":"cond-expr","locations":[{"start":{"line":410,"column":41},"end":{"line":410,"column":51}},{"start":{"line":410,"column":51},"end":{"line":410,"column":null}}],"line":410},"46":{"loc":{"start":{"line":413,"column":15},"end":{"line":415,"column":null}},"type":"cond-expr","locations":[{"start":{"line":414,"column":18},"end":{"line":414,"column":null}},{"start":{"line":415,"column":18},"end":{"line":415,"column":null}}],"line":413},"47":{"loc":{"start":{"line":417,"column":13},"end":{"line":418,"column":null}},"type":"binary-expr","locations":[{"start":{"line":417,"column":13},"end":{"line":417,"column":null}},{"start":{"line":418,"column":14},"end":{"line":418,"column":null}}],"line":417},"48":{"loc":{"start":{"line":433,"column":15},"end":{"line":437,"column":null}},"type":"cond-expr","locations":[{"start":{"line":434,"column":18},"end":{"line":434,"column":null}},{"start":{"line":435,"column":18},"end":{"line":437,"column":null}}],"line":433},"49":{"loc":{"start":{"line":435,"column":18},"end":{"line":437,"column":null}},"type":"cond-expr","locations":[{"start":{"line":436,"column":20},"end":{"line":436,"column":null}},{"start":{"line":437,"column":20},"end":{"line":437,"column":null}}],"line":435}},"s":{"
[...]
:35:44:35:Infinity":1,"s:36:22:36:Infinity":2,"s:37:28:37:Infinity":3,"s:38:24:38:Infinity":4,"s:39:46:39:Infinity":5,"s:42:8:76:Infinity":6,"f:42:32:42:44":1,"s:43:4:75:Infinity":7,"s:44:23:47:Infinity":8,"b:49:6:67:Infinity:57:6:67:Infinity":0,"s:49:6:67:Infinity":9,"s:50:21:50:Infinity":10,"s:51:8:51:Infinity":11,"s:52:8:52:Infinity":12,"s:54:28:54:Infinity":13,"s:55:8:55:Infinity":14,"s:56:8:56:Infinity":15,"b:57:6:67:Infinity:62:13:67:Infinity":1,"s:57:6:67:Infinity":16,"s:59:8:59:Infinity":17,"s:60:8:60:Infinity":18,"s:61:8:61:Infinity":19,"s:64:8:64:Infinity":20,"s:65:8:65:Infinity":21,"s:66:8:66:Infinity":22,"s:69:6:69:Infinity":23,"s:70:6:70:Infinity":24,"s:71:6:71:Infinity":25,"s:72:6:72:Infinity":26,"s:74:6:74:Infinity":27,"s:78:2:80:Infinity":28,"f:78:12:78:18":2,"s:79:4:79:Infinity":29,"s:83:8:123:Infinity":30,"f:83:41:83:48":3,"s:84:4:122:Infinity":31,"s:85:6:85:Infinity":32,"s:86:6:86:Infinity":33,"s:89:23:98:Infinity":34,"b:100:6:103:Infinity:undefined:undefined:undefined:undefined":2,"s:100:6:103:Infinity":35,"s:101:26:101:Infinity":36,"f:101:54:101:61":4,"s:101:61:101:64":37,"s:102:8:102:Infinity":38,"b:102:24:102:43:102:43:102:66":3,"s:105:19:105:Infinity":39,"s:106:6:106:Infinity":40,"s:107:6:107:Infinity":41,"s:109:6:109:Infinity":42,"b:112:6:114:Infinity:undefined:undefined:undefined:undefined":4,"s:112:6:114:Infinity":43,"s:113:8:113:Infinity":44,"s:117:6:117:Infinity":45,"s:118:6:118:Infinity":46,"b:118:38:118:52:118:52:118:75":5,"s:119:6:119:Infinity":47,"s:121:6:121:Infinity":48,"s:126:8:165:Infinity":49,"f:126:34:126:41":5,"s:127:4:164:Infinity":50,"s:128:6:128:Infinity":51,"s:129:6:129:Infinity":52,"s:131:23:138:Infinity":53,"b:140:6:152:Infinity:undefined:undefined:undefined:undefined":6,"s:140:6:152:Infinity":54,"s:141:26:141:Infinity":55,"f:141:54:141:61":6,"s:141:61:141:64":56,"s:142:29:142:Infinity":57,"b:142:29:142:48:142:48:142:Infinity":7,"b:145:8:149:Infinity:undefined:undefined:undefined:undefined":8,"s:145:8:149:Infinity":58,"s:146:10:146:Infinity":59,"s:148:10:148:Infinity":60,"s:151:8:151:Infinity":61,"s:154:19:154:Infinity":62,"s:155:6:155:Infinity":63,"s:156:6:156:Infinity":64,"s:159:6:159:Infinity":65,"s:160:6:160:Infinity":66,"b:160:38:160:52:160:52:160:76":9,"s:161:6:161:Infinity":67,"s:163:6:163:Infinity":68,"s:167:8:182:Infinity":69,"f:167:29:167:41":7,"s:168:4:181:Infinity":70,"s:169:6:172:Infinity":71,"s:174:6:174:Infinity":72,"s:176:6:176:Infinity":73,"s:177:6:177:Infinity":74,"s:178:6:178:Infinity":75,"s:180:6:180:Infinity":76,"s:184:8:197:Infinity":77,"f:185:4:185:11":8,"s:185:11:195:Infinity":78,"s:199:2:199:Infinity":79,"f:203:16:203:26":9,"s:204:8:204:Infinity":80,"b:205:2:207:Infinity:undefined:undefined:undefined:undefined":10,"s:205:2:207:Infinity":81,"s:206:4:206:Infinity":82,"s:208:2:208:Infinity":83}}}
,"/home/sngvahmed/workspace/stockly/webapp/src/state/SettingsContext.tsx": {"path":"/home/sngvahmed/workspace/stockly/webapp/src/state/SettingsContext.tsx","statementMap":{"0":{"start":{"line":5,"column":36},"end":{"line":5,"column":null}},"1":{"start":{"line":6,"column":39},"end":{"line":6,"column":null}},"2":{"start":{"line":7,"column":42},"end":{"line":7,"column":null}},"3":{"start":{"line":8,"column":39},"end":{"line":8,"column":null}},"4":{"start":{"line":19,"column":6},"end":{"line":21,"column":null}},"5":{"start":{"line":34,"column":44},"end":{"line":47,"column":null}},"6":{"start":{"line":35,"column":4},"end":{"line":45,"column":null}},"7":{"start":{"line":36,"column":21},"end":{"line":36,"column":null}},"8":{"start":{"line":37,"column":6},"end":{"line":42,"column":null}},"9":{"start":{"line":38,"column":39},"end":{"line":38,"column":null}},"10":{"start":{"line":39,"column":8},"end":{"line":41,"column":null}},"11":{"start":{"line":40,"column":10},"end":{"line":40,"column":null}},"12":{"start":{"line":44,"column":6},"end":{"line":44,"column":null}},"13":{"start":{"line":46,"column":4},"end":{"line":46,"column":null}},"14":{"start":{"line":49,"column":56},"end":{"line":62,"column":null}},"15":{"start":{"line":50,"column":4},"end":{"line":60,"column":null}},"16":{"start":{"line":51,"column":21},"end":{"line":51,"column":null}},"17":{"start":{"line":52,"column":6},"end":{"line":57,"column":null}},"18":{"start":{"line":53,"column":39},"end":{"line":53,"column":null}},"19":{"start":{"line":54,"column":8},"end":{"line":56,"column":null}},"20":{"start":{"line":55,"column":10},"end":{"line":55,"column":null}},"21":{"start":{"line":59,"column":6},"end":{"line":59,"column":null}},"22":{"start":{"line":61,"column":4},"end":{"line":61,"column":null}},"23":{"start":{"line":64,"column":50},"end":{"line":77,"column":null}},"24":{"start":{"line":65,"column":4},"end":{"line":75,"column":null}},"25":{"start":{"line":66,"column":21},"end":{"line":66,"column":null}},"26":{"start":{"line":67,"column":6},"end":{"line":72,"column":null}},"27":{"start":{"line":68,"column":39},"end":{"line":68,"column":null}},"28":{"start":{"line":69,"column":8},"end":{"line":71,"column":null}},"29":{"start":{"line":70,"column":10},"end":{"line":70,"column":null}},"30":{"start":{"line":74,"column":6},"end":{"line":74,"column":null}},"31":{"start":{"line":76,"column":4},"end":{"line":76,"column":null}},"32":{"start":{"line":79,"column":2},"end":{"line":86,"column":null}},"33":{"start":{"line":80,"column":36},"end":{"line":84,"column":null}},"34":{"start":{"line":85,"column":4},"end":{"line":85,"column":null}},"35":{"start":{"line":88,"column":32},"end":{"line":91,"column":null}},"36":{"start":{"line":89,"column":20},"end":{"line":89,"column":null}},"37":{"start":{"line":90,"column":4},"end":{"line":90,"column":null}},"38":{"start":{"line":93,"column":31},"end":{"line":96,"column":null}},"39":{"start":{"line":94,"column":20},"end":{"line":94,"column":null}},"40":{"start":{"line":95,"column":4},"end":{"line":95,"column":null}},"41":{"start":{"line":98,"column":28},"end":{"line":101,"column":null}},"42":{"start":{"line":99,"column":20},"end":{"line":99,"column":null}},"43":{"start":{"line":100,"column":4},"end":{"line":100,"column":null}},"44":{"start":{"line":103,"column":8},"end":{"line":113,"column":null}},"45":{"start":{"line":104,"column":11},"end":{"line":111,"column":null}},"46":{"start":{"line":115,"column":2},"end":{"line":118,"column":null}},"47":{"start":{"line":123,"column":8},"end":{"line":123,"column":null}},"48":{"start":{"line":124,"column":2},"end":{"line":126,"column":null}},"49":{"start":{"line":125,"column":4},"end":{"line":125,"column":null}},"50":{"start":{"line":127,"column":2},"end":{"line":127,"column":null}}},"fnMap":{"0":{"name":"SettingsProvider","decl":{"start":{"line":29,"column":16},"end":{"line":29,"column":33}},"loc":{"start":{"line":33,"column":3},"end":{"line":120,"column":null}},"line":33},"1":{"name":"(anonymous_1)","decl":{"start":{"line":34,"column":65},"end":{"line":34,"column":71}},"loc":{"start":{"line":34,"column":71},"end":{"line":47,"column":3}},"line":34},"2":{"name":"(anonymous_2)","decl":{"start":{"line":49,"column":77},"end":{"line":49,"column":83}},"loc":{"start":{"line":49,"column":83},"end":{"line":62,"column":3}},"line":49},"3":{"name":"(anonymous_3)","decl":{"start":{"line":64,"column":71},"end":{"line":64,"column":77}},"loc":{"start":{"line":64,"column":77},"end":{"line":77,"column":3}},"line":64},"4":{"name":"(anonymous_4)","decl":{"start":{"line":79,"column":12},"end":{"line":79,"column":18}},"loc":{"start":{"line":79,"column":18},"end":{"line":86,"column":5}},"line":79},"5":{"name":"(anonymous_5)","decl":{"start":{"line":88,"column":32},"end":{"line":88,"column":33}},"loc":{"start":{"line":88,"column":53},"end":{"line":91,"column":null}},"line":88},"6":{"name":"(anonymous_6)","decl":{"start":{"line":93,"column":31},"end":{"line":93,"column":32}},"loc":{"start":{"line":93,"column":52},"end":{"line":96,"column":null}},"line":93},"7":{"name":"(anonymous_7)","decl":{"start":{"line":98,"column":28},"end":{"line":98,"column":29}},"loc":{"start":{"line":98,"column":49},"end":{"line":101,"column":null}},"line":98},"8":{"name":"(anonymous_8)","decl":{"start":{"line":104,"column":4},"end":{"line":104,"column":11}},"loc":{"start":{"line":104,"column":11},"end":{"line":111,"column":null}},"line":104},"9":{"name":"useSettings","decl":{"start":{"line":122,"column":16},"end":{"line":122,"column":30}},"loc":{"start":{"line":122,"column":30},"end":{"line":128,"column":null}},"line":122}},"branchMap":{"0":{"loc":{"start":{"line":37,"column":6},"end":{"line":42,"column":null}},"type":"if","locations":[{"start":{"line":37,"column":6},"end":{"line":42,"column":null}},{"start":{},"end":{}}],"line":37},"1":{"loc":{"start":{"line":39,"column":8},"end":{"line":41,"column":null}},"type":"if","locations":[{"start":{"line":39,"column":8},"end":{"line":41,"column":null}},{"start":{},"end":{}}],"line":39},"2":{"loc":{"start":{"line":52,"column":6},"end":{"line":57,"column":null}},"type":"if","locations":[{"start":{"line":52,"column":6},"end":{"line":57,"column":null}},{"start":{},"end":{}}],"line":52},"3":{"loc":{"start":{"line":54,"column":8},"end":{"line":56,"column":null}},"type":"if","locations":[{"start":{"line":54,"column":8},"end":{"line":56,"column":null}},{"start":{},"end":{}}],"line":54},"4":{"loc":{"start":{"line":67,"column":6},"end":{"line":72,"column":null}},"type":"if","locations":[{"start":{"line":67,"column":6},"end":{"line":72,"column":null}},{"start":{},"end":{}}],"line":67},"5":{"loc":{"start":{"line":69,"column":8},"end":{"line":71,"column":null}},"type":"if","locations":[{"start":{"line":69,"column":8},"end":{"line":71,"column":null}},{"start":{},"end":{}}],"line":69},"6":{"loc":{"start":{"line":124,"column":2},"end":{"line":126,"column":null}},"type":"if","locations":[{"start":{"line":124,"column":2},"end":{"line":126,"column":null}},{"start":{},"end":{}}],"line":124}},"s":{"0":4,"1":4,"2":4,"3":4,"4":4,"5":44,"6":32,"7":32,"8":32,"9":21,"10":21,"11":20,"12":1,"13":12,"14":44,"15":32,"16":32,"17":32,"18":21,"19":21,"20":19,"21":1,"22":13,"23":44,"24":32,"25":32,"26":32,"27":21,"28":21,"29":19,"30":1,"31":13,"32":44,"33":44,"34":44,"35":44,"36":4,"37":4,"38":44,"39":4,"40":4,"41":44,"42":4,"43":4,"44":44,"45":44,"46":44,"47":169,"48":169,"49":2,"50":167},"f":{"0":44,"1":32,"2":32,"3":32,"4":44,"5":4,"6":4,"7":4,"8":44,"9":169},"b":{"0":[21,11],"1":[20,1],"2":[21,11],"3":[19,2],"4":[21,11],"5":[19,2],"6":[2,167]},"meta":{"lastBranch":7,"lastFunction":10,"lastStatement":51,"seen":{"s:5:36:5:Infinity":0,"s:6:39:6:Infinity":1,"s:7:42:7:Infinity":2,"s:8:39:8:Infinity":3,"s:19:6:21:Infinity":4,"f:29:16:29:33":0,"s:34:44:47:Infinity":5,"f:34:65:34:71":1,"s:35:4:45:Infinity":6,"s:36:21:36:Infinity":7,"b:37:6:42:Infinity:undefined:undefined:undefined:undefined":0,"s:37:6:42:Infinity":8,"s:38:39:38:Infinity":9,"b:39:8:41:Infinity:undefined:undefined:undefined:undefined":1,"s:39:8:41:Infinity":10,"s:40:10:40:Infinity":11,"s:44:6:44:Infinity":12,"s:46:4:46:Infinity":13,"s:49:56:62:Infinity":14,"f:49:77:49:83":2,"s:50:4:60:Infinity":15,"s:51:21:51:Infinity":16,"b:52:6:57:Infinity:undefined:undefined:undefined:undefined":2,"s:52:6:57:Infinity":17,"s:53:39:53:Infinity":18,"b:54:8:56:Infinity:undefined:undefined:undefined:undefined":3,"s:54:8:56:Infinity":19,"s:55:10:55:Infinity":20,"s:59:6:59:Infinity":21,"s:61:4:61:Infinity":22,"s:64:50:77:Infinity":23,"f:64:71:64:77":3,"s:65:4:75:Infinity":24,"s:66:21:66:Infinity":25,"b:67:6:72:Infinity:undefined:undefined:undefined:undefined":4,"s:67:6:72:Infinity":26,"s:68:39:68:Infinity":27,"b:69:8:71:Infinity:undefined:undefined:undefined:undefined":5,"s:69:8:71:Infinity":28,"s:70:10:70:Infinity":29,"s:74:6:74:Infinity":30,"s:76:4:76:Infinity":31,"s:79:2:86:Infinity":32,"f:79:12:79:18":4,"s:80:36:84:Infinity":33,"s:85:4:85:Infinity":34,"s:88:32:91:Infinity":35,"f:88:32:88:33":5,"s:89:20:89:Infinity":36,"s:90:4:90:Infinity":37,"s:93:31:96:Infinity":38,"f:93:31:93:32":6,"s:94:20:94:Infinity":39,"s:95:4:95:Infinity":40,"s:98:28:101:Infinity":41,"f:98:28:98:29":7,"s:99:20:99:Infinity":42,"s:100:4:100:Infinity":43,"s:103:8:113:Infinity":44,"f:104:4:104:11":8,"s:104:11:111:Infinity":45,"s:115:2:118:Infinity":46,"f:122:16:122:30":9,"s:123:8:123:Infinity":47,"b:124:2:126:Infinity:undefined:undefined:undefined:undefined":6,"s:124:2:126:Infinity":48,"s:125:4:125:Infinity":49,"s:127:2:127:Infinity":50}}}
,"/home/sngvahmed/workspace/stockly/webapp/src/state/ThemeContext.tsx": {"path":"/home/sngvahmed/workspace/stockly/webapp/src/state/ThemeContext.tsx","statementMap":{"0":{"start":{"line":20,"column":33},"end":{"line":20,"column":null}},"1":{"start":{"line":22,"column":6},"end":{"line":22,"column":null}},"2":{"start":{"line":24,"column":26},"end":{"line":33,"column":null}},"3":{"start":{"line":25,"column":2},"end":{"line":25,"column":null}},"4":{"start":{"line":25,"column":37},"end":{"line":25,"column":null}},"5":{"start":{"line":26,"column":17},"end":{"line":26,"column":null}},"6":{"start":{"line":27,"column":2},"end":{"line":29,"column":null}},"7":{"start":{"line":28,"column":4},"end":{"line":28,"column":null}},"8":{"start":{"line":30,"column":22},"end":{"line":31,"column":null}},"9":{"start":{"line":32,"column":2},"end":{"line":32,"column":null}},"10":{"start":{"line":36,"column":29},"end":{"line":36,"column":null}},"11":{"start":{"line":36,"column":55},"end":{"line":36,"column":74}},"12":{"start":{"line":38,"column":8},"end":{"line":41,"column":null}},"13":{"start":{"line":39,"column":4},"end":{"line":39,"column":null}},"14":{"start":{"line":40,"column":4},"end":{"line":40,"column":null}},"15":{"start":{"line":43,"column":2},"end":{"line":46,"column":null}},"16":{"start":{"line":44,"column":4},"end":{"line":44,"column":null}},"17":{"start":{"line":45,"column":4},"end":{"line":45,"column":null}},"18":{"start":{"line":48,"column":8},"end":{"line":50,"column":null}},"19":{"start":{"line":49,"column":4},"end":{"line":49,"column":null}},"20":{"start":{"line":52,"column":8},"end":{"line":54,"column":null}},"21":{"start":{"line":53,"column":4},"end":{"line":53,"column":null}},"22":{"start":{"line":53,"column":29},"end":{"line":53,"column":70}},"23":{"start":{"line":56,"column":8},"end":{"line":63,"column":null}},"24":{"start":{"line":57,"column":11},"end":{"line":61,"column":null}},"25":{"start":{"line":65,"column":2},"end":{"line":65,"column":null}},"26":{"start":{"line":69,"column":8},"end":{"line":69,"column":null}},"27":{"start":{"line":70,"column":2},"end":{"line":72,"column":null}},"28":{"start":{"line":71,"column":4},"end":{"line":71,"column":null}},"29":{"start":{"line":73,"column":2},"end":{"line":73,"column":null}}},"fnMap":{"0":{"name":"(anonymous_0)","decl":{"start":{"line":24,"column":26},"end":{"line":24,"column":39}},"loc":{"start":{"line":24,"column":39},"end":{"line":33,"column":null}},"line":24},"1":{"name":"ThemeProvider","decl":{"start":{"line":35,"column":16},"end":{"line":35,"column":30}},"loc":{"start":{"line":35,"column":75},"end":{"line":66,"column":null}},"line":35},"2":{"name":"(anonymous_2)","decl":{"start":{"line":36,"column":49},"end":{"line":36,"column":55}},"loc":{"start":{"line":36,"column":55},"end":{"line":36,"column":74}},"line":36},"3":{"name":"(anonymous_3)","decl":{"start":{"line":38,"column":33},"end":{"line":38,"column":34}},"loc":{"start":{"line":38,"column":50},"end":{"line":41,"column":5}},"line":38},"4":{"name":"(anonymous_4)","decl":{"start":{"line":43,"column":12},"end":{"line":43,"column":18}},"loc":{"start":{"line":43,"column":18},"end":{"line":46,"column":5}},"line":43},"5":{"name":"(anonymous_5)","decl":{"start":{"line":48,"column":31},"end":{"line":48,"column":32}},"loc":{"start":{"line":48,"column":48},"end":{"line":50,"column":5}},"line":48},"6":{"name":"(anonymous_6)","decl":{"start":{"line":52,"column":34},"end":{"line":52,"column":40}},"loc":{"start":{"line":52,"column":40},"end":{"line":54,"column":5}},"line":52},"7":{"name":"(anonymous_7)","decl":{"start":{"line":53,"column":18},"end":{"line":53,"column":19}},"loc":{"start":{"line":53,"column":29},"end":{"line":53,"column":70}},"line":53},"8":{"name":"(anonymous_8)","decl":{"start":{"line":57,"column":4},"end":{"line":57,"column":11}},"loc":{"start":{"line":57,"column":11},"end":{"line":61,"column":null}},"line":57},"9":{"name":"useTheme","decl":{"start":{"line":68,"column":16},"end":{"line":68,"column":27}},"loc":{"start":{"line":68,"column":27},"end":{"line":74,"column":null}},"line":68}},"branchMap":{"0":{"loc":{"start":{"line":25,"column":2},"end":{"line":25,"column":null}},"type":"if","locations":[{"start":{"line":25,"column":2},"end":{"line":25,"column":null}},{"start":{},"end":{}}],"line":25},"1":{"loc":{"start":{"line":27,"column":2},"end":{"line":29,"column":null}},"type":"if","locations":[{"start":{"line":27,"column":2},"end":{"line":29,"column":null}},{"start":{},"end":{}}],"line":27},"2":{"loc":{"start":{"line":27,"column":6},"end":{"line":27,"column":51}},"type":"binary-expr","locations":[{"start":{"line":27,"column":6},"end":{"line":27,"column":29}},{"start":{"line":27,"column":29},"end":{"line":27,"column":51}}],"line":27},"3":{"loc":{"start":{"line":32,"column":9},"end":{"line":32,"column":null}},"type":"cond-expr","locations":[{"start":{"line":32,"column":23},"end":{"line":32,"column":34}},{"start":{"line":32,"column":34},"end":{"line":32,"column":null}}],"line":32},"4":{"loc":{"start":{"line":53,"column":29},"end":{"line":53,"column":70}},"type":"cond-expr","locations":[{"start":{"line":53,"column":49},"end":{"line":53,"column":61}},{"start":{"line":53,"column":61},"end":{"line":53,"column":70}}],"line":53},"5":{"loc":{"start":{"line":70,"column":2},"end":{"line":72,"column":null}},"type":"if","locations":[{"start":{"line":70,"column":2},"end":{"line":72,"column":null}},{"start":{},"end":{}}],"line":70}},"s":{"0":1,"1":1,"2":1,"3":5,"4":0,"5":5,"6":5,"7":1,"8":4,"9":5,"10":8,"11":5,"12":8,"13":8,"14":8,"15":8,"16":8,"17":8,"18":8,"19":1,"20":8,"21":2,"22":2,"23":8,"24":8,"25":8,"26":10,"27":10,"28":2,"29":8},"f":{"0":5,"1":8,"2":5,"3":8,"4":8,"5":1,"6":2,"7":2,"8":8,"9":10},"b":{"0":[0,5],"1":[1,4],"2":[5,4],"3":[1,3],"4":[1,1],"5":[2,8]},"meta":{"lastBranch":6,"lastFunction":10,"lastStatement":30,"seen":{"s:20:33:20:Infinity":0,"s:22:6:22:Infinity":1,"s:24:26:33:Infinity":2,"f:24:26:24:39":0,"b:25:2:25:Infinity:undefined:undefined:undefined:undefined":0,"s:25:2:25:Infinity":3,"s:25:37:25:Infinity":4,"s:26:17:26:Infinity":5,"b:27:2:29:Infinity:undefined:undefined:undefined:undefined":1,"s:27:2:29:Infinity":6,"b:27:6:27:29:27:29:27:51":2,"s:28:4:28:Infinity":7,"s:30:22:31:Infinity":8,"s:32:2:32:Infinity":9,"b:32:23:32:34:32:34:32:Infinity":3,"f:35:16:35:30":1,"s:36:29:36:Infinity":10,"f:36:49:36:55":2,"s:36:55:36:74":11,"s:38:8:41:Infinity":12,"f:38:33:38:34":3,"s:39:4:39:Infinity":13,"s:40:4:40:Infinity":14,"s:43:2:46:Infinity":15,"f:43:12:43:18":4,"s:44:4:44:Infinity":16,"s:45:4:45:Infinity":17,"s:48:8:50:Infinity":18,"f:48:31:48:32":5,"s:49:4:49:Infinity":19,"s:52:8:54:Infinity":20,"f:52:34:52:40":6,"s:53:4:53:Infinity":21,"f:53:18:53:19":7,"s:53:29:53:70":22,"b:53:49:53:61:53:61:53:70":4,"s:56:8:63:Infinity":23,"f:57:4:57:11":8,"s:57:11:61:Infinity":24,"s:65:2:65:Infinity":25,"f:68:16:68:27":9,"s:69:8:69:Infinity":26,"b:70:2:72:Infinity:undefined:undefined:undefined:undefined":5,"s:70:2:72:Infinity":27,"s:71:4:71:Infinity":28,"s:73:2:73:Infinity":29}}}
,"/home/sngvahmed/workspace/stockly/webapp/src/utils/navigation.ts": {"path":"/home/sngvahmed/workspace/stockly/webapp/src/utils/navigation.ts","statementMap":{"0":{"start":{"line":5,"column":26},"end":{"line":7,"column":null}},"1":{"start":{"line":6,"column":4},"end":{"line":6,"column":null}}},"fnMap":{"0":{"name":"(anonymous_0)","decl":{"start":{"line":5,"column":26},"end":{"line":5,"column":27}},"loc":{"start":{"line":5,"column":49},"end":{"line":7,"column":null}},"line":5}},"branchMap":{},"s":{"0":1,"1":0},"f":{"0":0},"b":{},"meta":{"lastBranch":0,"lastFunction":1,"lastStatement":2,"seen":{"s:5:26:7:Infinity":0,"f:5:26:5:27":0,"s:6:4:6:Infinity":1}}}
}
